{"meta": {"format": 3, "version": "7.9.2", "timestamp": "2025-07-19T04:31:36.269385", "branch_coverage": false, "show_contexts": false}, "files": {"app/__init__.py": {"executed_lines": [0], "summary": {"covered_lines": 0, "num_statements": 0, "percent_covered": 100.0, "percent_covered_display": "100", "missing_lines": 0, "excluded_lines": 0}, "missing_lines": [], "excluded_lines": [], "functions": {"": {"executed_lines": [], "summary": {"covered_lines": 0, "num_statements": 0, "percent_covered": 100.0, "percent_covered_display": "100", "missing_lines": 0, "excluded_lines": 0}, "missing_lines": [], "excluded_lines": []}}, "classes": {"": {"executed_lines": [], "summary": {"covered_lines": 0, "num_statements": 0, "percent_covered": 100.0, "percent_covered_display": "100", "missing_lines": 0, "excluded_lines": 0}, "missing_lines": [], "excluded_lines": []}}}, "app/api/__init__.py": {"executed_lines": [1], "summary": {"covered_lines": 1, "num_statements": 1, "percent_covered": 100.0, "percent_covered_display": "100", "missing_lines": 0, "excluded_lines": 0}, "missing_lines": [], "excluded_lines": [], "functions": {"": {"executed_lines": [1], "summary": {"covered_lines": 1, "num_statements": 1, "percent_covered": 100.0, "percent_covered_display": "100", "missing_lines": 0, "excluded_lines": 0}, "missing_lines": [], "excluded_lines": []}}, "classes": {"": {"executed_lines": [1], "summary": {"covered_lines": 1, "num_statements": 1, "percent_covered": 100.0, "percent_covered_display": "100", "missing_lines": 0, "excluded_lines": 0}, "missing_lines": [], "excluded_lines": []}}}, "app/api/deps.py": {"executed_lines": [1, 2, 4, 5, 6, 7, 8, 9, 10, 12, 13, 14, 15, 16, 17, 20, 21, 24, 30, 33, 37, 44, 45, 48, 57, 62, 84, 125, 136, 178, 242, 265, 319, 337], "summary": {"covered_lines": 34, "num_statements": 127, "percent_covered": 26.771653543307085, "percent_covered_display": "27", "missing_lines": 93, "excluded_lines": 0}, "missing_lines": [38, 49, 50, 63, 65, 66, 71, 72, 79, 81, 86, 87, 90, 91, 92, 99, 104, 105, 107, 108, 113, 114, 121, 122, 129, 130, 133, 138, 141, 142, 145, 146, 147, 150, 153, 156, 158, 161, 162, 163, 165, 172, 175, 183, 186, 187, 190, 195, 196, 198, 199, 206, 207, 214, 215, 218, 219, 220, 225, 226, 227, 228, 233, 235, 249, 251, 252, 255, 256, 258, 273, 275, 276, 277, 278, 280, 287, 288, 293, 294, 296, 297, 303, 304, 310, 312, 325, 327, 328, 330, 341, 342, 345], "excluded_lines": [], "functions": {"get_current_user": {"executed_lines": [37, 44, 45, 48, 57, 62], "summary": {"covered_lines": 6, "num_statements": 16, "percent_covered": 37.5, "percent_covered_display": "38", "missing_lines": 10, "excluded_lines": 0}, "missing_lines": [38, 49, 50, 63, 65, 66, 71, 72, 79, 81], "excluded_lines": []}, "_authenticate_jwt_token": {"executed_lines": [], "summary": {"covered_lines": 0, "num_statements": 14, "percent_covered": 0.0, "percent_covered_display": "0", "missing_lines": 14, "excluded_lines": 0}, "missing_lines": [86, 87, 90, 91, 92, 99, 104, 105, 107, 108, 113, 114, 121, 122], "excluded_lines": []}, "get_current_active_superuser": {"executed_lines": [], "summary": {"covered_lines": 0, "num_statements": 3, "percent_covered": 0.0, "percent_covered_display": "0", "missing_lines": 3, "excluded_lines": 0}, "missing_lines": [129, 130, 133], "excluded_lines": []}, "check_api_key_rate_limit": {"executed_lines": [], "summary": {"covered_lines": 0, "num_statements": 16, "percent_covered": 0.0, "percent_covered_display": "0", "missing_lines": 16, "excluded_lines": 0}, "missing_lines": [138, 141, 142, 145, 146, 147, 150, 153, 156, 158, 161, 162, 163, 165, 172, 175], "excluded_lines": []}, "authenticate_api_key": {"executed_lines": [], "summary": {"covered_lines": 0, "num_statements": 21, "percent_covered": 0.0, "percent_covered_display": "0", "missing_lines": 21, "excluded_lines": 0}, "missing_lines": [183, 186, 187, 190, 195, 196, 198, 199, 206, 207, 214, 215, 218, 219, 220, 225, 226, 227, 228, 233, 235], "excluded_lines": []}, "get_current_user_or_site": {"executed_lines": [], "summary": {"covered_lines": 0, "num_statements": 6, "percent_covered": 0.0, "percent_covered_display": "0", "missing_lines": 6, "excluded_lines": 0}, "missing_lines": [249, 251, 252, 255, 256, 258], "excluded_lines": []}, "get_current_site": {"executed_lines": [], "summary": {"covered_lines": 0, "num_statements": 16, "percent_covered": 0.0, "percent_covered_display": "0", "missing_lines": 16, "excluded_lines": 0}, "missing_lines": [273, 275, 276, 277, 278, 280, 287, 288, 293, 294, 296, 297, 303, 304, 310, 312], "excluded_lines": []}, "get_current_user_flexible": {"executed_lines": [], "summary": {"covered_lines": 0, "num_statements": 4, "percent_covered": 0.0, "percent_covered_display": "0", "missing_lines": 4, "excluded_lines": 0}, "missing_lines": [325, 327, 328, 330], "excluded_lines": []}, "get_current_active_superuser_flexible": {"executed_lines": [], "summary": {"covered_lines": 0, "num_statements": 3, "percent_covered": 0.0, "percent_covered_display": "0", "missing_lines": 3, "excluded_lines": 0}, "missing_lines": [341, 342, 345], "excluded_lines": []}, "": {"executed_lines": [1, 2, 4, 5, 6, 7, 8, 9, 10, 12, 13, 14, 15, 16, 17, 20, 21, 24, 30, 33, 84, 125, 136, 178, 242, 265, 319, 337], "summary": {"covered_lines": 28, "num_statements": 28, "percent_covered": 100.0, "percent_covered_display": "100", "missing_lines": 0, "excluded_lines": 0}, "missing_lines": [], "excluded_lines": []}}, "classes": {"TokenData": {"executed_lines": [], "summary": {"covered_lines": 0, "num_statements": 0, "percent_covered": 100.0, "percent_covered_display": "100", "missing_lines": 0, "excluded_lines": 0}, "missing_lines": [], "excluded_lines": []}, "": {"executed_lines": [1, 2, 4, 5, 6, 7, 8, 9, 10, 12, 13, 14, 15, 16, 17, 20, 21, 24, 30, 33, 37, 44, 45, 48, 57, 62, 84, 125, 136, 178, 242, 265, 319, 337], "summary": {"covered_lines": 34, "num_statements": 127, "percent_covered": 26.771653543307085, "percent_covered_display": "27", "missing_lines": 93, "excluded_lines": 0}, "missing_lines": [38, 49, 50, 63, 65, 66, 71, 72, 79, 81, 86, 87, 90, 91, 92, 99, 104, 105, 107, 108, 113, 114, 121, 122, 129, 130, 133, 138, 141, 142, 145, 146, 147, 150, 153, 156, 158, 161, 162, 163, 165, 172, 175, 183, 186, 187, 190, 195, 196, 198, 199, 206, 207, 214, 215, 218, 219, 220, 225, 226, 227, 228, 233, 235, 249, 251, 252, 255, 256, 258, 273, 275, 276, 277, 278, 280, 287, 288, 293, 294, 296, 297, 303, 304, 310, 312, 325, 327, 328, 330, 341, 342, 345], "excluded_lines": []}}}, "app/api/v1/api.py": {"executed_lines": [1, 3, 20, 22, 23, 24, 27, 28, 29, 32, 37, 40, 41, 44, 45, 46, 47], "summary": {"covered_lines": 17, "num_statements": 17, "percent_covered": 100.0, "percent_covered_display": "100", "missing_lines": 0, "excluded_lines": 0}, "missing_lines": [], "excluded_lines": [], "functions": {"": {"executed_lines": [1, 3, 20, 22, 23, 24, 27, 28, 29, 32, 37, 40, 41, 44, 45, 46, 47], "summary": {"covered_lines": 17, "num_statements": 17, "percent_covered": 100.0, "percent_covered_display": "100", "missing_lines": 0, "excluded_lines": 0}, "missing_lines": [], "excluded_lines": []}}, "classes": {"": {"executed_lines": [1, 3, 20, 22, 23, 24, 27, 28, 29, 32, 37, 40, 41, 44, 45, 46, 47], "summary": {"covered_lines": 17, "num_statements": 17, "percent_covered": 100.0, "percent_covered_display": "100", "missing_lines": 0, "excluded_lines": 0}, "missing_lines": [], "excluded_lines": []}}}, "app/api/v1/dependencies/rate_limit.py": {"executed_lines": [1, 3, 5, 7, 10, 11, 13, 21, 90, 94, 97, 107], "summary": {"covered_lines": 10, "num_statements": 41, "percent_covered": 24.390243902439025, "percent_covered_display": "24", "missing_lines": 31, "excluded_lines": 0}, "missing_lines": [14, 18, 35, 38, 41, 42, 45, 48, 51, 53, 56, 57, 58, 61, 62, 63, 64, 66, 69, 72, 75, 76, 79, 80, 81, 83, 98, 99, 102, 104, 105], "excluded_lines": [], "functions": {"RateLimitException.__init__": {"executed_lines": [], "summary": {"covered_lines": 0, "num_statements": 2, "percent_covered": 0.0, "percent_covered_display": "0", "missing_lines": 2, "excluded_lines": 0}, "missing_lines": [14, 18], "excluded_lines": []}, "check_rate_limit": {"executed_lines": [], "summary": {"covered_lines": 0, "num_statements": 24, "percent_covered": 0.0, "percent_covered_display": "0", "missing_lines": 24, "excluded_lines": 0}, "missing_lines": [35, 38, 41, 42, 45, 48, 51, 53, 56, 57, 58, 61, 62, 63, 64, 66, 69, 72, 75, 76, 79, 80, 81, 83], "excluded_lines": []}, "rate_limit_middleware": {"executed_lines": [94, 97, 107], "summary": {"covered_lines": 3, "num_statements": 8, "percent_covered": 37.5, "percent_covered_display": "38", "missing_lines": 5, "excluded_lines": 0}, "missing_lines": [98, 99, 102, 104, 105], "excluded_lines": []}, "": {"executed_lines": [1, 3, 5, 7, 10, 11, 13, 21, 90], "summary": {"covered_lines": 7, "num_statements": 7, "percent_covered": 100.0, "percent_covered_display": "100", "missing_lines": 0, "excluded_lines": 0}, "missing_lines": [], "excluded_lines": []}}, "classes": {"RateLimitException": {"executed_lines": [], "summary": {"covered_lines": 0, "num_statements": 2, "percent_covered": 0.0, "percent_covered_display": "0", "missing_lines": 2, "excluded_lines": 0}, "missing_lines": [14, 18], "excluded_lines": []}, "": {"executed_lines": [1, 3, 5, 7, 10, 11, 13, 21, 90, 94, 97, 107], "summary": {"covered_lines": 10, "num_statements": 39, "percent_covered": 25.641025641025642, "percent_covered_display": "26", "missing_lines": 29, "excluded_lines": 0}, "missing_lines": [35, 38, 41, 42, 45, 48, 51, 53, 56, 57, 58, 61, 62, 63, 64, 66, 69, 72, 75, 76, 79, 80, 81, 83, 98, 99, 102, 104, 105], "excluded_lines": []}}}, "app/api/v1/endpoints/auth.py": {"executed_lines": [1, 2, 3, 4, 5, 7, 8, 9, 10, 11, 13, 14, 15, 16, 17, 18, 19, 22, 24, 27, 30, 31, 32, 33, 34, 37, 38, 96, 97, 146, 147, 152, 153, 154, 157, 158, 185, 186, 192, 193, 196, 197, 235, 236, 239, 240, 252, 253, 254, 257, 258, 291, 292], "summary": {"covered_lines": 53, "num_statements": 136, "percent_covered": 38.970588235294116, "percent_covered_display": "39", "missing_lines": 83, "excluded_lines": 0}, "missing_lines": [42, 45, 46, 47, 49, 50, 51, 57, 58, 59, 62, 63, 64, 65, 66, 67, 70, 80, 81, 82, 85, 90, 92, 93, 102, 105, 106, 107, 109, 110, 111, 117, 118, 119, 125, 126, 127, 133, 134, 138, 139, 149, 164, 166, 169, 170, 174, 177, 178, 179, 181, 182, 188, 189, 203, 206, 207, 208, 210, 212, 217, 225, 228, 242, 244, 245, 249, 262, 264, 265, 270, 271, 272, 274, 275, 280, 281, 282, 285, 287, 288, 302, 311], "excluded_lines": [], "functions": {"register": {"executed_lines": [], "summary": {"covered_lines": 0, "num_statements": 24, "percent_covered": 0.0, "percent_covered_display": "0", "missing_lines": 24, "excluded_lines": 0}, "missing_lines": [42, 45, 46, 47, 49, 50, 51, 57, 58, 59, 62, 63, 64, 65, 66, 67, 70, 80, 81, 82, 85, 90, 92, 93], "excluded_lines": []}, "login_access_token": {"executed_lines": [], "summary": {"covered_lines": 0, "num_statements": 17, "percent_covered": 0.0, "percent_covered_display": "0", "missing_lines": 17, "excluded_lines": 0}, "missing_lines": [102, 105, 106, 107, 109, 110, 111, 117, 118, 119, 125, 126, 127, 133, 134, 138, 139], "excluded_lines": []}, "test_token": {"executed_lines": [], "summary": {"covered_lines": 0, "num_statements": 1, "percent_covered": 0.0, "percent_covered_display": "0", "missing_lines": 1, "excluded_lines": 0}, "missing_lines": [149], "excluded_lines": []}, "change_password": {"executed_lines": [], "summary": {"covered_lines": 0, "num_statements": 10, "percent_covered": 0.0, "percent_covered_display": "0", "missing_lines": 10, "excluded_lines": 0}, "missing_lines": [164, 166, 169, 170, 174, 177, 178, 179, 181, 182], "excluded_lines": []}, "get_current_user": {"executed_lines": [], "summary": {"covered_lines": 0, "num_statements": 2, "percent_covered": 0.0, "percent_covered_display": "0", "missing_lines": 2, "excluded_lines": 0}, "missing_lines": [188, 189], "excluded_lines": []}, "forgot_password": {"executed_lines": [], "summary": {"covered_lines": 0, "num_statements": 9, "percent_covered": 0.0, "percent_covered_display": "0", "missing_lines": 9, "excluded_lines": 0}, "missing_lines": [203, 206, 207, 208, 210, 212, 217, 225, 228], "excluded_lines": []}, "verify_reset_token": {"executed_lines": [], "summary": {"covered_lines": 0, "num_statements": 4, "percent_covered": 0.0, "percent_covered_display": "0", "missing_lines": 4, "excluded_lines": 0}, "missing_lines": [242, 244, 245, 249], "excluded_lines": []}, "reset_password": {"executed_lines": [], "summary": {"covered_lines": 0, "num_statements": 14, "percent_covered": 0.0, "percent_covered_display": "0", "missing_lines": 14, "excluded_lines": 0}, "missing_lines": [262, 264, 265, 270, 271, 272, 274, 275, 280, 281, 282, 285, 287, 288], "excluded_lines": []}, "logout": {"executed_lines": [], "summary": {"covered_lines": 0, "num_statements": 2, "percent_covered": 0.0, "percent_covered_display": "0", "missing_lines": 2, "excluded_lines": 0}, "missing_lines": [302, 311], "excluded_lines": []}, "": {"executed_lines": [1, 2, 3, 4, 5, 7, 8, 9, 10, 11, 13, 14, 15, 16, 17, 18, 19, 22, 24, 27, 30, 31, 32, 33, 34, 37, 38, 96, 97, 146, 147, 152, 153, 154, 157, 158, 185, 186, 192, 193, 196, 197, 235, 236, 239, 240, 252, 253, 254, 257, 258, 291, 292], "summary": {"covered_lines": 53, "num_statements": 53, "percent_covered": 100.0, "percent_covered_display": "100", "missing_lines": 0, "excluded_lines": 0}, "missing_lines": [], "excluded_lines": []}}, "classes": {"UserRegister": {"executed_lines": [], "summary": {"covered_lines": 0, "num_statements": 0, "percent_covered": 100.0, "percent_covered_display": "100", "missing_lines": 0, "excluded_lines": 0}, "missing_lines": [], "excluded_lines": []}, "PasswordChange": {"executed_lines": [], "summary": {"covered_lines": 0, "num_statements": 0, "percent_covered": 100.0, "percent_covered_display": "100", "missing_lines": 0, "excluded_lines": 0}, "missing_lines": [], "excluded_lines": []}, "ForgotPasswordRequest": {"executed_lines": [], "summary": {"covered_lines": 0, "num_statements": 0, "percent_covered": 100.0, "percent_covered_display": "100", "missing_lines": 0, "excluded_lines": 0}, "missing_lines": [], "excluded_lines": []}, "VerifyResetTokenRequest": {"executed_lines": [], "summary": {"covered_lines": 0, "num_statements": 0, "percent_covered": 100.0, "percent_covered_display": "100", "missing_lines": 0, "excluded_lines": 0}, "missing_lines": [], "excluded_lines": []}, "ResetPasswordRequest": {"executed_lines": [], "summary": {"covered_lines": 0, "num_statements": 0, "percent_covered": 100.0, "percent_covered_display": "100", "missing_lines": 0, "excluded_lines": 0}, "missing_lines": [], "excluded_lines": []}, "": {"executed_lines": [1, 2, 3, 4, 5, 7, 8, 9, 10, 11, 13, 14, 15, 16, 17, 18, 19, 22, 24, 27, 30, 31, 32, 33, 34, 37, 38, 96, 97, 146, 147, 152, 153, 154, 157, 158, 185, 186, 192, 193, 196, 197, 235, 236, 239, 240, 252, 253, 254, 257, 258, 291, 292], "summary": {"covered_lines": 53, "num_statements": 136, "percent_covered": 38.970588235294116, "percent_covered_display": "39", "missing_lines": 83, "excluded_lines": 0}, "missing_lines": [42, 45, 46, 47, 49, 50, 51, 57, 58, 59, 62, 63, 64, 65, 66, 67, 70, 80, 81, 82, 85, 90, 92, 93, 102, 105, 106, 107, 109, 110, 111, 117, 118, 119, 125, 126, 127, 133, 134, 138, 139, 149, 164, 166, 169, 170, 174, 177, 178, 179, 181, 182, 188, 189, 203, 206, 207, 208, 210, 212, 217, 225, 228, 242, 244, 245, 249, 262, 264, 265, 270, 271, 272, 274, 275, 280, 281, 282, 285, 287, 288, 302, 311], "excluded_lines": []}}}, "app/api/v1/endpoints/dashboard.py": {"executed_lines": [1, 3, 4, 6, 7, 9, 10, 11, 12, 13, 20, 22, 25, 26, 216, 217, 242, 243, 278, 279, 291, 292, 315, 316], "summary": {"covered_lines": 23, "num_statements": 99, "percent_covered": 23.232323232323232, "percent_covered_display": "23", "missing_lines": 76, "excluded_lines": 0}, "missing_lines": [34, 37, 40, 41, 42, 43, 44, 48, 50, 52, 55, 56, 66, 102, 103, 105, 106, 108, 109, 110, 111, 114, 122, 126, 137, 146, 147, 150, 151, 153, 154, 156, 162, 164, 183, 202, 210, 211, 213, 225, 226, 227, 228, 229, 232, 233, 236, 237, 239, 251, 252, 253, 256, 258, 261, 262, 263, 264, 265, 268, 269, 272, 273, 275, 286, 287, 288, 301, 302, 303, 308, 309, 312, 332, 333, 334], "excluded_lines": [], "functions": {"get_dashboard_overview": {"executed_lines": [], "summary": {"covered_lines": 0, "num_statements": 39, "percent_covered": 0.0, "percent_covered_display": "0", "missing_lines": 39, "excluded_lines": 0}, "missing_lines": [34, 37, 40, 41, 42, 43, 44, 48, 50, 52, 55, 56, 66, 102, 103, 105, 106, 108, 109, 110, 111, 114, 122, 126, 137, 146, 147, 150, 151, 153, 154, 156, 162, 164, 183, 202, 210, 211, 213], "excluded_lines": []}, "get_security_dashboard": {"executed_lines": [], "summary": {"covered_lines": 0, "num_statements": 10, "percent_covered": 0.0, "percent_covered_display": "0", "missing_lines": 10, "excluded_lines": 0}, "missing_lines": [225, 226, 227, 228, 229, 232, 233, 236, 237, 239], "excluded_lines": []}, "get_site_dashboard": {"executed_lines": [], "summary": {"covered_lines": 0, "num_statements": 15, "percent_covered": 0.0, "percent_covered_display": "0", "missing_lines": 15, "excluded_lines": 0}, "missing_lines": [251, 252, 253, 256, 258, 261, 262, 263, 264, 265, 268, 269, 272, 273, 275], "excluded_lines": []}, "get_recent_activity": {"executed_lines": [], "summary": {"covered_lines": 0, "num_statements": 3, "percent_covered": 0.0, "percent_covered_display": "0", "missing_lines": 3, "excluded_lines": 0}, "missing_lines": [286, 287, 288], "excluded_lines": []}, "get_metric_trends": {"executed_lines": [], "summary": {"covered_lines": 0, "num_statements": 6, "percent_covered": 0.0, "percent_covered_display": "0", "missing_lines": 6, "excluded_lines": 0}, "missing_lines": [301, 302, 303, 308, 309, 312], "excluded_lines": []}, "get_risk_matrix": {"executed_lines": [], "summary": {"covered_lines": 0, "num_statements": 3, "percent_covered": 0.0, "percent_covered_display": "0", "missing_lines": 3, "excluded_lines": 0}, "missing_lines": [332, 333, 334], "excluded_lines": []}, "": {"executed_lines": [1, 3, 4, 6, 7, 9, 10, 11, 12, 13, 20, 22, 25, 26, 216, 217, 242, 243, 278, 279, 291, 292, 315, 316], "summary": {"covered_lines": 23, "num_statements": 23, "percent_covered": 100.0, "percent_covered_display": "100", "missing_lines": 0, "excluded_lines": 0}, "missing_lines": [], "excluded_lines": []}}, "classes": {"": {"executed_lines": [1, 3, 4, 6, 7, 9, 10, 11, 12, 13, 20, 22, 25, 26, 216, 217, 242, 243, 278, 279, 291, 292, 315, 316], "summary": {"covered_lines": 23, "num_statements": 99, "percent_covered": 23.232323232323232, "percent_covered_display": "23", "missing_lines": 76, "excluded_lines": 0}, "missing_lines": [34, 37, 40, 41, 42, 43, 44, 48, 50, 52, 55, 56, 66, 102, 103, 105, 106, 108, 109, 110, 111, 114, 122, 126, 137, 146, 147, 150, 151, 153, 154, 156, 162, 164, 183, 202, 210, 211, 213, 225, 226, 227, 228, 229, 232, 233, 236, 237, 239, 251, 252, 253, 256, 258, 261, 262, 263, 264, 265, 268, 269, 272, 273, 275, 286, 287, 288, 301, 302, 303, 308, 309, 312, 332, 333, 334], "excluded_lines": []}}}, "app/api/v1/endpoints/module_sites.py": {"executed_lines": [1, 3, 4, 6, 7, 8, 9, 10, 11, 13, 16, 17, 71, 72], "summary": {"covered_lines": 14, "num_statements": 39, "percent_covered": 35.8974358974359, "percent_covered_display": "36", "missing_lines": 25, "excluded_lines": 0}, "missing_lines": [33, 34, 35, 39, 44, 45, 46, 47, 51, 53, 88, 89, 90, 94, 99, 100, 101, 102, 107, 129, 130, 131, 152, 176, 178], "excluded_lines": [], "functions": {"get_module_sites": {"executed_lines": [], "summary": {"covered_lines": 0, "num_statements": 10, "percent_covered": 0.0, "percent_covered_display": "0", "missing_lines": 10, "excluded_lines": 0}, "missing_lines": [33, 34, 35, 39, 44, 45, 46, 47, 51, 53], "excluded_lines": []}, "get_module_site_modules": {"executed_lines": [], "summary": {"covered_lines": 0, "num_statements": 15, "percent_covered": 0.0, "percent_covered_display": "0", "missing_lines": 15, "excluded_lines": 0}, "missing_lines": [88, 89, 90, 94, 99, 100, 101, 102, 107, 129, 130, 131, 152, 176, 178], "excluded_lines": []}, "": {"executed_lines": [1, 3, 4, 6, 7, 8, 9, 10, 11, 13, 16, 17, 71, 72], "summary": {"covered_lines": 14, "num_statements": 14, "percent_covered": 100.0, "percent_covered_display": "100", "missing_lines": 0, "excluded_lines": 0}, "missing_lines": [], "excluded_lines": []}}, "classes": {"": {"executed_lines": [1, 3, 4, 6, 7, 8, 9, 10, 11, 13, 16, 17, 71, 72], "summary": {"covered_lines": 14, "num_statements": 39, "percent_covered": 35.8974358974359, "percent_covered_display": "36", "missing_lines": 25, "excluded_lines": 0}, "missing_lines": [33, 34, 35, 39, 44, 45, 46, 47, 51, 53, 88, 89, 90, 94, 99, 100, 101, 102, 107, 129, 130, 131, 152, 176, 178], "excluded_lines": []}}}, "app/api/v1/endpoints/module_versions.py": {"executed_lines": [1, 2, 4, 5, 7, 8, 9, 10, 15, 18, 19, 89, 90], "summary": {"covered_lines": 13, "num_statements": 39, "percent_covered": 33.333333333333336, "percent_covered_display": "33", "missing_lines": 26, "excluded_lines": 0}, "missing_lines": [39, 40, 41, 45, 55, 56, 58, 59, 60, 62, 79, 81, 82, 84, 102, 103, 104, 108, 109, 111, 113, 114, 120, 121, 122, 124], "excluded_lines": [], "functions": {"get_module_versions": {"executed_lines": [], "summary": {"covered_lines": 0, "num_statements": 14, "percent_covered": 0.0, "percent_covered_display": "0", "missing_lines": 14, "excluded_lines": 0}, "missing_lines": [39, 40, 41, 45, 55, 56, 58, 59, 60, 62, 79, 81, 82, 84], "excluded_lines": []}, "get_latest_module_version": {"executed_lines": [], "summary": {"covered_lines": 0, "num_statements": 12, "percent_covered": 0.0, "percent_covered_display": "0", "missing_lines": 12, "excluded_lines": 0}, "missing_lines": [102, 103, 104, 108, 109, 111, 113, 114, 120, 121, 122, 124], "excluded_lines": []}, "": {"executed_lines": [1, 2, 4, 5, 7, 8, 9, 10, 15, 18, 19, 89, 90], "summary": {"covered_lines": 13, "num_statements": 13, "percent_covered": 100.0, "percent_covered_display": "100", "missing_lines": 0, "excluded_lines": 0}, "missing_lines": [], "excluded_lines": []}}, "classes": {"": {"executed_lines": [1, 2, 4, 5, 7, 8, 9, 10, 15, 18, 19, 89, 90], "summary": {"covered_lines": 13, "num_statements": 39, "percent_covered": 33.333333333333336, "percent_covered_display": "33", "missing_lines": 26, "excluded_lines": 0}, "missing_lines": [39, 40, 41, 45, 55, 56, 58, 59, 60, 62, 79, 81, 82, 84, 102, 103, 104, 108, 109, 111, 113, 114, 120, 121, 122, 124], "excluded_lines": []}}}, "app/api/v1/endpoints/module_versions_global.py": {"executed_lines": [1, 3, 4, 6, 7, 8, 9, 11, 14, 15, 50, 53], "summary": {"covered_lines": 12, "num_statements": 16, "percent_covered": 75.0, "percent_covered_display": "75", "missing_lines": 4, "excluded_lines": 0}, "missing_lines": [26, 28, 65, 69], "excluded_lines": [], "functions": {"get_security_versions": {"executed_lines": [], "summary": {"covered_lines": 0, "num_statements": 2, "percent_covered": 0.0, "percent_covered_display": "0", "missing_lines": 2, "excluded_lines": 0}, "missing_lines": [26, 28], "excluded_lines": []}, "get_versions_by_drupal_core": {"executed_lines": [], "summary": {"covered_lines": 0, "num_statements": 2, "percent_covered": 0.0, "percent_covered_display": "0", "missing_lines": 2, "excluded_lines": 0}, "missing_lines": [65, 69], "excluded_lines": []}, "": {"executed_lines": [1, 3, 4, 6, 7, 8, 9, 11, 14, 15, 50, 53], "summary": {"covered_lines": 12, "num_statements": 12, "percent_covered": 100.0, "percent_covered_display": "100", "missing_lines": 0, "excluded_lines": 0}, "missing_lines": [], "excluded_lines": []}}, "classes": {"": {"executed_lines": [1, 3, 4, 6, 7, 8, 9, 11, 14, 15, 50, 53], "summary": {"covered_lines": 12, "num_statements": 16, "percent_covered": 75.0, "percent_covered_display": "75", "missing_lines": 4, "excluded_lines": 0}, "missing_lines": [26, 28, 65, 69], "excluded_lines": []}}}, "app/api/v1/endpoints/module_versions_standalone.py": {"executed_lines": [1, 3, 4, 6, 7, 8, 9, 15, 18, 19, 81, 82, 130, 131, 188, 189], "summary": {"covered_lines": 16, "num_statements": 67, "percent_covered": 23.880597014925375, "percent_covered_display": "24", "missing_lines": 51, "excluded_lines": 0}, "missing_lines": [28, 29, 34, 35, 36, 41, 44, 45, 50, 55, 56, 57, 60, 78, 90, 91, 92, 97, 98, 99, 104, 105, 106, 109, 127, 141, 142, 146, 149, 150, 155, 156, 157, 162, 163, 164, 167, 185, 198, 199, 203, 206, 207, 212, 213, 214, 219, 220, 221, 224, 242], "excluded_lines": [], "functions": {"create_module_version": {"executed_lines": [], "summary": {"covered_lines": 0, "num_statements": 14, "percent_covered": 0.0, "percent_covered_display": "0", "missing_lines": 14, "excluded_lines": 0}, "missing_lines": [28, 29, 34, 35, 36, 41, 44, 45, 50, 55, 56, 57, 60, 78], "excluded_lines": []}, "get_module_version": {"executed_lines": [], "summary": {"covered_lines": 0, "num_statements": 11, "percent_covered": 0.0, "percent_covered_display": "0", "missing_lines": 11, "excluded_lines": 0}, "missing_lines": [90, 91, 92, 97, 98, 99, 104, 105, 106, 109, 127], "excluded_lines": []}, "update_module_version": {"executed_lines": [], "summary": {"covered_lines": 0, "num_statements": 13, "percent_covered": 0.0, "percent_covered_display": "0", "missing_lines": 13, "excluded_lines": 0}, "missing_lines": [141, 142, 146, 149, 150, 155, 156, 157, 162, 163, 164, 167, 185], "excluded_lines": []}, "delete_module_version": {"executed_lines": [], "summary": {"covered_lines": 0, "num_statements": 13, "percent_covered": 0.0, "percent_covered_display": "0", "missing_lines": 13, "excluded_lines": 0}, "missing_lines": [198, 199, 203, 206, 207, 212, 213, 214, 219, 220, 221, 224, 242], "excluded_lines": []}, "": {"executed_lines": [1, 3, 4, 6, 7, 8, 9, 15, 18, 19, 81, 82, 130, 131, 188, 189], "summary": {"covered_lines": 16, "num_statements": 16, "percent_covered": 100.0, "percent_covered_display": "100", "missing_lines": 0, "excluded_lines": 0}, "missing_lines": [], "excluded_lines": []}}, "classes": {"": {"executed_lines": [1, 3, 4, 6, 7, 8, 9, 15, 18, 19, 81, 82, 130, 131, 188, 189], "summary": {"covered_lines": 16, "num_statements": 67, "percent_covered": 23.880597014925375, "percent_covered_display": "24", "missing_lines": 51, "excluded_lines": 0}, "missing_lines": [28, 29, 34, 35, 36, 41, 44, 45, 50, 55, 56, 57, 60, 78, 90, 91, 92, 97, 98, 99, 104, 105, 106, 109, 127, 141, 142, 146, 149, 150, 155, 156, 157, 162, 163, 164, 167, 185, 198, 199, 203, 206, 207, 212, 213, 214, 219, 220, 221, 224, 242], "excluded_lines": []}}}, "app/api/v1/endpoints/modules.py": {"executed_lines": [1, 2, 3, 5, 6, 7, 9, 10, 11, 12, 13, 14, 15, 16, 17, 27, 30, 31, 131, 132, 173, 174, 205, 206, 262, 263, 321, 322, 369, 370, 517, 518], "summary": {"covered_lines": 32, "num_statements": 124, "percent_covered": 25.806451612903224, "percent_covered_display": "26", "missing_lines": 92, "excluded_lines": 0}, "missing_lines": [63, 64, 74, 75, 78, 79, 81, 84, 87, 90, 93, 94, 99, 104, 121, 123, 124, 126, 143, 144, 145, 151, 154, 186, 187, 192, 195, 197, 219, 222, 223, 228, 232, 236, 237, 239, 243, 273, 274, 278, 281, 282, 287, 291, 295, 296, 298, 302, 333, 334, 338, 339, 340, 344, 384, 410, 411, 414, 415, 416, 424, 425, 436, 445, 452, 453, 454, 457, 460, 461, 464, 465, 467, 470, 471, 474, 475, 477, 478, 480, 483, 485, 508, 526, 546, 547, 550, 551, 553, 554, 555, 557], "excluded_lines": [], "functions": {"get_modules": {"executed_lines": [], "summary": {"covered_lines": 0, "num_statements": 18, "percent_covered": 0.0, "percent_covered_display": "0", "missing_lines": 18, "excluded_lines": 0}, "missing_lines": [63, 64, 74, 75, 78, 79, 81, 84, 87, 90, 93, 94, 99, 104, 121, 123, 124, 126], "excluded_lines": []}, "create_module": {"executed_lines": [], "summary": {"covered_lines": 0, "num_statements": 5, "percent_covered": 0.0, "percent_covered_display": "0", "missing_lines": 5, "excluded_lines": 0}, "missing_lines": [143, 144, 145, 151, 154], "excluded_lines": []}, "bulk_create_modules": {"executed_lines": [], "summary": {"covered_lines": 0, "num_statements": 5, "percent_covered": 0.0, "percent_covered_display": "0", "missing_lines": 5, "excluded_lines": 0}, "missing_lines": [186, 187, 192, 195, 197], "excluded_lines": []}, "get_module": {"executed_lines": [], "summary": {"covered_lines": 0, "num_statements": 9, "percent_covered": 0.0, "percent_covered_display": "0", "missing_lines": 9, "excluded_lines": 0}, "missing_lines": [219, 222, 223, 228, 232, 236, 237, 239, 243], "excluded_lines": []}, "update_module": {"executed_lines": [], "summary": {"covered_lines": 0, "num_statements": 11, "percent_covered": 0.0, "percent_covered_display": "0", "missing_lines": 11, "excluded_lines": 0}, "missing_lines": [273, 274, 278, 281, 282, 287, 291, 295, 296, 298, 302], "excluded_lines": []}, "delete_module": {"executed_lines": [], "summary": {"covered_lines": 0, "num_statements": 6, "percent_covered": 0.0, "percent_covered_display": "0", "missing_lines": 6, "excluded_lines": 0}, "missing_lines": [333, 334, 338, 339, 340, 344], "excluded_lines": []}, "get_dashboard_module_status": {"executed_lines": [], "summary": {"covered_lines": 0, "num_statements": 29, "percent_covered": 0.0, "percent_covered_display": "0", "missing_lines": 29, "excluded_lines": 0}, "missing_lines": [384, 410, 411, 414, 415, 416, 424, 425, 436, 445, 452, 453, 454, 457, 460, 461, 464, 465, 467, 470, 471, 474, 475, 477, 478, 480, 483, 485, 508], "excluded_lines": []}, "get_dashboard_module_overview": {"executed_lines": [], "summary": {"covered_lines": 0, "num_statements": 9, "percent_covered": 0.0, "percent_covered_display": "0", "missing_lines": 9, "excluded_lines": 0}, "missing_lines": [526, 546, 547, 550, 551, 553, 554, 555, 557], "excluded_lines": []}, "": {"executed_lines": [1, 2, 3, 5, 6, 7, 9, 10, 11, 12, 13, 14, 15, 16, 17, 27, 30, 31, 131, 132, 173, 174, 205, 206, 262, 263, 321, 322, 369, 370, 517, 518], "summary": {"covered_lines": 32, "num_statements": 32, "percent_covered": 100.0, "percent_covered_display": "100", "missing_lines": 0, "excluded_lines": 0}, "missing_lines": [], "excluded_lines": []}}, "classes": {"": {"executed_lines": [1, 2, 3, 5, 6, 7, 9, 10, 11, 12, 13, 14, 15, 16, 17, 27, 30, 31, 131, 132, 173, 174, 205, 206, 262, 263, 321, 322, 369, 370, 517, 518], "summary": {"covered_lines": 32, "num_statements": 124, "percent_covered": 25.806451612903224, "percent_covered_display": "26", "missing_lines": 92, "excluded_lines": 0}, "missing_lines": [63, 64, 74, 75, 78, 79, 81, 84, 87, 90, 93, 94, 99, 104, 121, 123, 124, 126, 143, 144, 145, 151, 154, 186, 187, 192, 195, 197, 219, 222, 223, 228, 232, 236, 237, 239, 243, 273, 274, 278, 281, 282, 287, 291, 295, 296, 298, 302, 333, 334, 338, 339, 340, 344, 384, 410, 411, 414, 415, 416, 424, 425, 436, 445, 452, 453, 454, 457, 460, 461, 464, 465, 467, 470, 471, 474, 475, 477, 478, 480, 483, 485, 508, 526, 546, 547, 550, 551, 553, 554, 555, 557], "excluded_lines": []}}}, "app/api/v1/endpoints/organizations.py": {"executed_lines": [1, 2, 4, 5, 6, 7, 9, 10, 11, 12, 13, 14, 15, 22, 25, 26, 63, 64, 138, 139, 174, 175, 266, 267, 320, 321], "summary": {"covered_lines": 26, "num_statements": 130, "percent_covered": 20.0, "percent_covered_display": "20", "missing_lines": 104, "excluded_lines": 0}, "missing_lines": [36, 39, 40, 41, 42, 45, 48, 49, 54, 57, 58, 60, 72, 73, 79, 82, 83, 85, 86, 92, 100, 101, 102, 105, 106, 108, 109, 110, 112, 114, 120, 121, 123, 124, 127, 132, 133, 135, 145, 154, 155, 157, 158, 163, 167, 171, 184, 185, 191, 200, 201, 203, 204, 210, 211, 212, 214, 215, 218, 220, 227, 234, 236, 237, 238, 240, 242, 248, 249, 251, 252, 255, 260, 261, 263, 274, 283, 284, 286, 287, 290, 291, 296, 301, 302, 305, 306, 307, 308, 309, 310, 311, 313, 330, 335, 336, 338, 339, 344, 348, 353, 364, 365, 367], "excluded_lines": [], "functions": {"read_organizations": {"executed_lines": [], "summary": {"covered_lines": 0, "num_statements": 12, "percent_covered": 0.0, "percent_covered_display": "0", "missing_lines": 12, "excluded_lines": 0}, "missing_lines": [36, 39, 40, 41, 42, 45, 48, 49, 54, 57, 58, 60], "excluded_lines": []}, "create_organization": {"executed_lines": [], "summary": {"covered_lines": 0, "num_statements": 26, "percent_covered": 0.0, "percent_covered_display": "0", "missing_lines": 26, "excluded_lines": 0}, "missing_lines": [72, 73, 79, 82, 83, 85, 86, 92, 100, 101, 102, 105, 106, 108, 109, 110, 112, 114, 120, 121, 123, 124, 127, 132, 133, 135], "excluded_lines": []}, "read_organization": {"executed_lines": [], "summary": {"covered_lines": 0, "num_statements": 8, "percent_covered": 0.0, "percent_covered_display": "0", "missing_lines": 8, "excluded_lines": 0}, "missing_lines": [145, 154, 155, 157, 158, 163, 167, 171], "excluded_lines": []}, "update_organization": {"executed_lines": [], "summary": {"covered_lines": 0, "num_statements": 29, "percent_covered": 0.0, "percent_covered_display": "0", "missing_lines": 29, "excluded_lines": 0}, "missing_lines": [184, 185, 191, 200, 201, 203, 204, 210, 211, 212, 214, 215, 218, 220, 227, 234, 236, 237, 238, 240, 242, 248, 249, 251, 252, 255, 260, 261, 263], "excluded_lines": []}, "delete_organization": {"executed_lines": [], "summary": {"covered_lines": 0, "num_statements": 18, "percent_covered": 0.0, "percent_covered_display": "0", "missing_lines": 18, "excluded_lines": 0}, "missing_lines": [274, 283, 284, 286, 287, 290, 291, 296, 301, 302, 305, 306, 307, 308, 309, 310, 311, 313], "excluded_lines": []}, "read_organization_sites": {"executed_lines": [], "summary": {"covered_lines": 0, "num_statements": 11, "percent_covered": 0.0, "percent_covered_display": "0", "missing_lines": 11, "excluded_lines": 0}, "missing_lines": [330, 335, 336, 338, 339, 344, 348, 353, 364, 365, 367], "excluded_lines": []}, "": {"executed_lines": [1, 2, 4, 5, 6, 7, 9, 10, 11, 12, 13, 14, 15, 22, 25, 26, 63, 64, 138, 139, 174, 175, 266, 267, 320, 321], "summary": {"covered_lines": 26, "num_statements": 26, "percent_covered": 100.0, "percent_covered_display": "100", "missing_lines": 0, "excluded_lines": 0}, "missing_lines": [], "excluded_lines": []}}, "classes": {"": {"executed_lines": [1, 2, 4, 5, 6, 7, 9, 10, 11, 12, 13, 14, 15, 22, 25, 26, 63, 64, 138, 139, 174, 175, 266, 267, 320, 321], "summary": {"covered_lines": 26, "num_statements": 130, "percent_covered": 20.0, "percent_covered_display": "20", "missing_lines": 104, "excluded_lines": 0}, "missing_lines": [36, 39, 40, 41, 42, 45, 48, 49, 54, 57, 58, 60, 72, 73, 79, 82, 83, 85, 86, 92, 100, 101, 102, 105, 106, 108, 109, 110, 112, 114, 120, 121, 123, 124, 127, 132, 133, 135, 145, 154, 155, 157, 158, 163, 167, 171, 184, 185, 191, 200, 201, 203, 204, 210, 211, 212, 214, 215, 218, 220, 227, 234, 236, 237, 238, 240, 242, 248, 249, 251, 252, 255, 260, 261, 263, 274, 283, 284, 286, 287, 290, 291, 296, 301, 302, 305, 306, 307, 308, 309, 310, 311, 313, 330, 335, 336, 338, 339, 344, 348, 353, 364, 365, 367], "excluded_lines": []}}}, "app/api/v1/endpoints/roles.py": {"executed_lines": [1, 3, 5, 6, 7, 8, 10, 11, 12, 13, 14, 15, 16, 23, 26, 27, 40, 41, 54, 55, 94, 95, 164, 165, 207, 208, 229, 230], "summary": {"covered_lines": 27, "num_statements": 99, "percent_covered": 27.272727272727273, "percent_covered_display": "27", "missing_lines": 72, "excluded_lines": 0}, "missing_lines": [35, 36, 37, 49, 50, 51, 66, 67, 68, 71, 82, 83, 85, 86, 89, 91, 106, 107, 110, 111, 112, 115, 116, 117, 120, 121, 122, 123, 126, 131, 132, 134, 135, 136, 141, 142, 143, 144, 145, 146, 149, 157, 158, 159, 161, 177, 178, 181, 186, 187, 189, 190, 192, 193, 198, 200, 202, 204, 219, 220, 221, 224, 226, 242, 243, 244, 247, 248, 251, 252, 256, 261], "excluded_lines": [], "functions": {"list_roles": {"executed_lines": [], "summary": {"covered_lines": 0, "num_statements": 3, "percent_covered": 0.0, "percent_covered_display": "0", "missing_lines": 3, "excluded_lines": 0}, "missing_lines": [35, 36, 37], "excluded_lines": []}, "list_permissions": {"executed_lines": [], "summary": {"covered_lines": 0, "num_statements": 3, "percent_covered": 0.0, "percent_covered_display": "0", "missing_lines": 3, "excluded_lines": 0}, "missing_lines": [49, 50, 51], "excluded_lines": []}, "get_user_roles": {"executed_lines": [], "summary": {"covered_lines": 0, "num_statements": 10, "percent_covered": 0.0, "percent_covered_display": "0", "missing_lines": 10, "excluded_lines": 0}, "missing_lines": [66, 67, 68, 71, 82, 83, 85, 86, 89, 91], "excluded_lines": []}, "assign_role_to_user": {"executed_lines": [], "summary": {"covered_lines": 0, "num_statements": 29, "percent_covered": 0.0, "percent_covered_display": "0", "missing_lines": 29, "excluded_lines": 0}, "missing_lines": [106, 107, 110, 111, 112, 115, 116, 117, 120, 121, 122, 123, 126, 131, 132, 134, 135, 136, 141, 142, 143, 144, 145, 146, 149, 157, 158, 159, 161], "excluded_lines": []}, "revoke_role_from_user": {"executed_lines": [], "summary": {"covered_lines": 0, "num_statements": 13, "percent_covered": 0.0, "percent_covered_display": "0", "missing_lines": 13, "excluded_lines": 0}, "missing_lines": [177, 178, 181, 186, 187, 189, 190, 192, 193, 198, 200, 202, 204], "excluded_lines": []}, "get_user_permissions": {"executed_lines": [], "summary": {"covered_lines": 0, "num_statements": 5, "percent_covered": 0.0, "percent_covered_display": "0", "missing_lines": 5, "excluded_lines": 0}, "missing_lines": [219, 220, 221, 224, 226], "excluded_lines": []}, "check_user_permission": {"executed_lines": [], "summary": {"covered_lines": 0, "num_statements": 9, "percent_covered": 0.0, "percent_covered_display": "0", "missing_lines": 9, "excluded_lines": 0}, "missing_lines": [242, 243, 244, 247, 248, 251, 252, 256, 261], "excluded_lines": []}, "": {"executed_lines": [1, 3, 5, 6, 7, 8, 10, 11, 12, 13, 14, 15, 16, 23, 26, 27, 40, 41, 54, 55, 94, 95, 164, 165, 207, 208, 229, 230], "summary": {"covered_lines": 27, "num_statements": 27, "percent_covered": 100.0, "percent_covered_display": "100", "missing_lines": 0, "excluded_lines": 0}, "missing_lines": [], "excluded_lines": []}}, "classes": {"": {"executed_lines": [1, 3, 5, 6, 7, 8, 10, 11, 12, 13, 14, 15, 16, 23, 26, 27, 40, 41, 54, 55, 94, 95, 164, 165, 207, 208, 229, 230], "summary": {"covered_lines": 27, "num_statements": 99, "percent_covered": 27.272727272727273, "percent_covered_display": "27", "missing_lines": 72, "excluded_lines": 0}, "missing_lines": [35, 36, 37, 49, 50, 51, 66, 67, 68, 71, 82, 83, 85, 86, 89, 91, 106, 107, 110, 111, 112, 115, 116, 117, 120, 121, 122, 123, 126, 131, 132, 134, 135, 136, 141, 142, 143, 144, 145, 146, 149, 157, 158, 159, 161, 177, 178, 181, 186, 187, 189, 190, 192, 193, 198, 200, 202, 204, 219, 220, 221, 224, 226, 242, 243, 244, 247, 248, 251, 252, 256, 261], "excluded_lines": []}}}, "app/api/v1/endpoints/sites.py": {"executed_lines": [1, 2, 3, 5, 13, 15, 16, 17, 18, 19, 20, 21, 22, 23, 24, 25, 26, 33, 34, 35, 37, 40, 41, 52, 55, 79, 80, 163, 164, 176, 177, 194, 195, 211, 212, 344, 345, 484, 485, 742, 743, 862, 863, 898, 899], "summary": {"covered_lines": 45, "num_statements": 228, "percent_covered": 19.736842105263158, "percent_covered_display": "20", "missing_lines": 183, "excluded_lines": 0}, "missing_lines": [48, 49, 63, 64, 65, 66, 70, 71, 72, 75, 76, 101, 102, 103, 106, 107, 116, 117, 120, 121, 124, 125, 126, 127, 132, 134, 147, 150, 151, 153, 156, 158, 170, 171, 172, 173, 185, 186, 187, 188, 191, 202, 203, 204, 205, 236, 237, 238, 243, 247, 251, 262, 263, 265, 287, 288, 289, 310, 334, 336, 337, 339, 358, 359, 360, 365, 369, 374, 375, 381, 382, 383, 388, 391, 392, 398, 401, 402, 408, 413, 435, 436, 437, 458, 522, 523, 524, 529, 531, 535, 539, 540, 542, 543, 548, 550, 556, 559, 560, 566, 568, 577, 582, 590, 591, 592, 593, 594, 596, 597, 598, 601, 604, 606, 612, 615, 618, 623, 626, 628, 633, 638, 643, 646, 648, 652, 655, 658, 660, 663, 669, 672, 675, 676, 677, 678, 683, 687, 690, 692, 700, 701, 704, 706, 715, 718, 719, 721, 726, 729, 731, 755, 756, 757, 762, 766, 771, 772, 775, 776, 781, 784, 785, 791, 813, 814, 815, 836, 873, 874, 875, 880, 884, 888, 891, 892, 908, 909, 910, 915, 919, 923, 925], "excluded_lines": [], "functions": {"read_sites": {"executed_lines": [], "summary": {"covered_lines": 0, "num_statements": 2, "percent_covered": 0.0, "percent_covered_display": "0", "missing_lines": 2, "excluded_lines": 0}, "missing_lines": [48, 49], "excluded_lines": []}, "create_site": {"executed_lines": [], "summary": {"covered_lines": 0, "num_statements": 9, "percent_covered": 0.0, "percent_covered_display": "0", "missing_lines": 9, "excluded_lines": 0}, "missing_lines": [63, 64, 65, 66, 70, 71, 72, 75, 76], "excluded_lines": []}, "get_sites_overview": {"executed_lines": [], "summary": {"covered_lines": 0, "num_statements": 21, "percent_covered": 0.0, "percent_covered_display": "0", "missing_lines": 21, "excluded_lines": 0}, "missing_lines": [101, 102, 103, 106, 107, 116, 117, 120, 121, 124, 125, 126, 127, 132, 134, 147, 150, 151, 153, 156, 158], "excluded_lines": []}, "read_site": {"executed_lines": [], "summary": {"covered_lines": 0, "num_statements": 4, "percent_covered": 0.0, "percent_covered_display": "0", "missing_lines": 4, "excluded_lines": 0}, "missing_lines": [170, 171, 172, 173], "excluded_lines": []}, "update_site": {"executed_lines": [], "summary": {"covered_lines": 0, "num_statements": 5, "percent_covered": 0.0, "percent_covered_display": "0", "missing_lines": 5, "excluded_lines": 0}, "missing_lines": [185, 186, 187, 188, 191], "excluded_lines": []}, "delete_site": {"executed_lines": [], "summary": {"covered_lines": 0, "num_statements": 4, "percent_covered": 0.0, "percent_covered_display": "0", "missing_lines": 4, "excluded_lines": 0}, "missing_lines": [202, 203, 204, 205], "excluded_lines": []}, "get_site_modules": {"executed_lines": [], "summary": {"covered_lines": 0, "num_statements": 17, "percent_covered": 0.0, "percent_covered_display": "0", "missing_lines": 17, "excluded_lines": 0}, "missing_lines": [236, 237, 238, 243, 247, 251, 262, 263, 265, 287, 288, 289, 310, 334, 336, 337, 339], "excluded_lines": []}, "create_site_module": {"executed_lines": [], "summary": {"covered_lines": 0, "num_statements": 22, "percent_covered": 0.0, "percent_covered_display": "0", "missing_lines": 22, "excluded_lines": 0}, "missing_lines": [358, 359, 360, 365, 369, 374, 375, 381, 382, 383, 388, 391, 392, 398, 401, 402, 408, 413, 435, 436, 437, 458], "excluded_lines": []}, "sync_site_modules": {"executed_lines": [], "summary": {"covered_lines": 0, "num_statements": 67, "percent_covered": 0.0, "percent_covered_display": "0", "missing_lines": 67, "excluded_lines": 0}, "missing_lines": [522, 523, 524, 529, 531, 535, 539, 540, 542, 543, 548, 550, 556, 559, 560, 566, 568, 577, 582, 590, 591, 592, 593, 594, 596, 597, 598, 601, 604, 606, 612, 615, 618, 623, 626, 628, 633, 638, 643, 646, 648, 652, 655, 658, 660, 663, 669, 672, 675, 676, 677, 678, 683, 687, 690, 692, 700, 701, 704, 706, 715, 718, 719, 721, 726, 729, 731], "excluded_lines": []}, "update_site_module": {"executed_lines": [], "summary": {"covered_lines": 0, "num_statements": 17, "percent_covered": 0.0, "percent_covered_display": "0", "missing_lines": 17, "excluded_lines": 0}, "missing_lines": [755, 756, 757, 762, 766, 771, 772, 775, 776, 781, 784, 785, 791, 813, 814, 815, 836], "excluded_lines": []}, "remove_site_module": {"executed_lines": [], "summary": {"covered_lines": 0, "num_statements": 8, "percent_covered": 0.0, "percent_covered_display": "0", "missing_lines": 8, "excluded_lines": 0}, "missing_lines": [873, 874, 875, 880, 884, 888, 891, 892], "excluded_lines": []}, "get_site_module_stats": {"executed_lines": [], "summary": {"covered_lines": 0, "num_statements": 7, "percent_covered": 0.0, "percent_covered_display": "0", "missing_lines": 7, "excluded_lines": 0}, "missing_lines": [908, 909, 910, 915, 919, 923, 925], "excluded_lines": []}, "": {"executed_lines": [1, 2, 3, 5, 13, 15, 16, 17, 18, 19, 20, 21, 22, 23, 24, 25, 26, 33, 34, 35, 37, 40, 41, 52, 55, 79, 80, 163, 164, 176, 177, 194, 195, 211, 212, 344, 345, 484, 485, 742, 743, 862, 863, 898, 899], "summary": {"covered_lines": 45, "num_statements": 45, "percent_covered": 100.0, "percent_covered_display": "100", "missing_lines": 0, "excluded_lines": 0}, "missing_lines": [], "excluded_lines": []}}, "classes": {"": {"executed_lines": [1, 2, 3, 5, 13, 15, 16, 17, 18, 19, 20, 21, 22, 23, 24, 25, 26, 33, 34, 35, 37, 40, 41, 52, 55, 79, 80, 163, 164, 176, 177, 194, 195, 211, 212, 344, 345, 484, 485, 742, 743, 862, 863, 898, 899], "summary": {"covered_lines": 45, "num_statements": 228, "percent_covered": 19.736842105263158, "percent_covered_display": "20", "missing_lines": 183, "excluded_lines": 0}, "missing_lines": [48, 49, 63, 64, 65, 66, 70, 71, 72, 75, 76, 101, 102, 103, 106, 107, 116, 117, 120, 121, 124, 125, 126, 127, 132, 134, 147, 150, 151, 153, 156, 158, 170, 171, 172, 173, 185, 186, 187, 188, 191, 202, 203, 204, 205, 236, 237, 238, 243, 247, 251, 262, 263, 265, 287, 288, 289, 310, 334, 336, 337, 339, 358, 359, 360, 365, 369, 374, 375, 381, 382, 383, 388, 391, 392, 398, 401, 402, 408, 413, 435, 436, 437, 458, 522, 523, 524, 529, 531, 535, 539, 540, 542, 543, 548, 550, 556, 559, 560, 566, 568, 577, 582, 590, 591, 592, 593, 594, 596, 597, 598, 601, 604, 606, 612, 615, 618, 623, 626, 628, 633, 638, 643, 646, 648, 652, 655, 658, 660, 663, 669, 672, 675, 676, 677, 678, 683, 687, 690, 692, 700, 701, 704, 706, 715, 718, 719, 721, 726, 729, 731, 755, 756, 757, 762, 766, 771, 772, 775, 776, 781, 784, 785, 791, 813, 814, 815, 836, 873, 874, 875, 880, 884, 888, 891, 892, 908, 909, 910, 915, 919, 923, 925], "excluded_lines": []}}}, "app/api/v1/endpoints/tasks.py": {"executed_lines": [1, 3, 5, 6, 7, 9, 12, 13], "summary": {"covered_lines": 7, "num_statements": 11, "percent_covered": 63.63636363636363, "percent_covered_display": "64", "missing_lines": 4, "excluded_lines": 0}, "missing_lines": [25, 27, 28, 30], "excluded_lines": [], "functions": {"get_background_task_status": {"executed_lines": [], "summary": {"covered_lines": 0, "num_statements": 4, "percent_covered": 0.0, "percent_covered_display": "0", "missing_lines": 4, "excluded_lines": 0}, "missing_lines": [25, 27, 28, 30], "excluded_lines": []}, "": {"executed_lines": [1, 3, 5, 6, 7, 9, 12, 13], "summary": {"covered_lines": 7, "num_statements": 7, "percent_covered": 100.0, "percent_covered_display": "100", "missing_lines": 0, "excluded_lines": 0}, "missing_lines": [], "excluded_lines": []}}, "classes": {"": {"executed_lines": [1, 3, 5, 6, 7, 9, 12, 13], "summary": {"covered_lines": 7, "num_statements": 11, "percent_covered": 63.63636363636363, "percent_covered_display": "64", "missing_lines": 4, "excluded_lines": 0}, "missing_lines": [25, 27, 28, 30], "excluded_lines": []}}}, "app/api/v1/endpoints/users.py": {"executed_lines": [1, 3, 4, 5, 6, 8, 9, 10, 11, 12, 13, 15, 19, 20, 23, 24, 31, 32, 37, 38, 46, 53, 54, 98, 99, 106, 107, 124, 125, 134, 135, 148, 149, 156, 157, 163, 164, 175, 176, 185, 186, 192, 193, 245, 246, 282, 283, 291, 292], "summary": {"covered_lines": 49, "num_statements": 132, "percent_covered": 37.121212121212125, "percent_covered_display": "37", "missing_lines": 83, "excluded_lines": 0}, "missing_lines": [33, 34, 47, 55, 57, 58, 64, 65, 66, 68, 69, 75, 83, 84, 85, 88, 93, 95, 108, 110, 112, 113, 114, 115, 116, 117, 119, 120, 121, 136, 138, 139, 141, 142, 143, 144, 145, 153, 165, 167, 168, 172, 194, 196, 197, 203, 204, 205, 206, 207, 208, 209, 210, 211, 213, 216, 217, 219, 220, 226, 229, 234, 240, 241, 242, 254, 255, 261, 262, 263, 265, 266, 272, 277, 278, 279, 293, 295, 296, 302, 307, 308, 309], "excluded_lines": [], "functions": {"read_users": {"executed_lines": [31, 32], "summary": {"covered_lines": 2, "num_statements": 4, "percent_covered": 50.0, "percent_covered_display": "50", "missing_lines": 2, "excluded_lines": 0}, "missing_lines": [33, 34], "excluded_lines": []}, "create_user": {"executed_lines": [46, 53, 54], "summary": {"covered_lines": 3, "num_statements": 19, "percent_covered": 15.789473684210526, "percent_covered_display": "16", "missing_lines": 16, "excluded_lines": 0}, "missing_lines": [47, 55, 57, 58, 64, 65, 66, 68, 69, 75, 83, 84, 85, 88, 93, 95], "excluded_lines": []}, "update_user_me": {"executed_lines": [106, 107], "summary": {"covered_lines": 2, "num_statements": 13, "percent_covered": 15.384615384615385, "percent_covered_display": "15", "missing_lines": 11, "excluded_lines": 0}, "missing_lines": [108, 110, 112, 113, 114, 115, 116, 117, 119, 120, 121], "excluded_lines": []}, "update_user_me_password": {"executed_lines": [134, 135], "summary": {"covered_lines": 2, "num_statements": 10, "percent_covered": 20.0, "percent_covered_display": "20", "missing_lines": 8, "excluded_lines": 0}, "missing_lines": [136, 138, 139, 141, 142, 143, 144, 145], "excluded_lines": []}, "read_user_me": {"executed_lines": [], "summary": {"covered_lines": 0, "num_statements": 1, "percent_covered": 0.0, "percent_covered_display": "0", "missing_lines": 1, "excluded_lines": 0}, "missing_lines": [153], "excluded_lines": []}, "read_user_by_id": {"executed_lines": [163, 164], "summary": {"covered_lines": 2, "num_statements": 6, "percent_covered": 33.333333333333336, "percent_covered_display": "33", "missing_lines": 4, "excluded_lines": 0}, "missing_lines": [165, 167, 168, 172], "excluded_lines": []}, "update_user": {"executed_lines": [185, 186, 192, 193], "summary": {"covered_lines": 4, "num_statements": 27, "percent_covered": 14.814814814814815, "percent_covered_display": "15", "missing_lines": 23, "excluded_lines": 0}, "missing_lines": [194, 196, 197, 203, 204, 205, 206, 207, 208, 209, 210, 211, 213, 216, 217, 219, 220, 226, 229, 234, 240, 241, 242], "excluded_lines": []}, "delete_user": {"executed_lines": [], "summary": {"covered_lines": 0, "num_statements": 11, "percent_covered": 0.0, "percent_covered_display": "0", "missing_lines": 11, "excluded_lines": 0}, "missing_lines": [254, 255, 261, 262, 263, 265, 266, 272, 277, 278, 279], "excluded_lines": []}, "get_organization_users": {"executed_lines": [291, 292], "summary": {"covered_lines": 2, "num_statements": 9, "percent_covered": 22.22222222222222, "percent_covered_display": "22", "missing_lines": 7, "excluded_lines": 0}, "missing_lines": [293, 295, 296, 302, 307, 308, 309], "excluded_lines": []}, "": {"executed_lines": [1, 3, 4, 5, 6, 8, 9, 10, 11, 12, 13, 15, 19, 20, 23, 24, 37, 38, 98, 99, 124, 125, 148, 149, 156, 157, 175, 176, 245, 246, 282, 283], "summary": {"covered_lines": 32, "num_statements": 32, "percent_covered": 100.0, "percent_covered_display": "100", "missing_lines": 0, "excluded_lines": 0}, "missing_lines": [], "excluded_lines": []}}, "classes": {"UserMeUpdate": {"executed_lines": [], "summary": {"covered_lines": 0, "num_statements": 0, "percent_covered": 100.0, "percent_covered_display": "100", "missing_lines": 0, "excluded_lines": 0}, "missing_lines": [], "excluded_lines": []}, "": {"executed_lines": [1, 3, 4, 5, 6, 8, 9, 10, 11, 12, 13, 15, 19, 20, 23, 24, 31, 32, 37, 38, 46, 53, 54, 98, 99, 106, 107, 124, 125, 134, 135, 148, 149, 156, 157, 163, 164, 175, 176, 185, 186, 192, 193, 245, 246, 282, 283, 291, 292], "summary": {"covered_lines": 49, "num_statements": 132, "percent_covered": 37.121212121212125, "percent_covered_display": "37", "missing_lines": 83, "excluded_lines": 0}, "missing_lines": [33, 34, 47, 55, 57, 58, 64, 65, 66, 68, 69, 75, 83, 84, 85, 88, 93, 95, 108, 110, 112, 113, 114, 115, 116, 117, 119, 120, 121, 136, 138, 139, 141, 142, 143, 144, 145, 153, 165, 167, 168, 172, 194, 196, 197, 203, 204, 205, 206, 207, 208, 209, 210, 211, 213, 216, 217, 219, 220, 226, 229, 234, 240, 241, 242, 254, 255, 261, 262, 263, 265, 266, 272, 277, 278, 279, 293, 295, 296, 302, 307, 308, 309], "excluded_lines": []}}}, "app/api/v1/endpoints/version_check.py": {"executed_lines": [1, 5, 7, 8, 10, 11, 12, 13, 18, 19, 21, 24, 25, 65, 66, 153, 154], "summary": {"covered_lines": 16, "num_statements": 51, "percent_covered": 31.372549019607842, "percent_covered_display": "31", "missing_lines": 35, "excluded_lines": 0}, "missing_lines": [41, 42, 43, 49, 50, 54, 80, 81, 87, 90, 91, 94, 95, 96, 97, 102, 103, 106, 107, 108, 110, 122, 123, 124, 125, 138, 150, 165, 167, 168, 169, 170, 172, 195, 196], "excluded_lines": [], "functions": {"check_module_updates": {"executed_lines": [], "summary": {"covered_lines": 0, "num_statements": 6, "percent_covered": 0.0, "percent_covered_display": "0", "missing_lines": 6, "excluded_lines": 0}, "missing_lines": [41, 42, 43, 49, 50, 54], "excluded_lines": []}, "batch_check_updates": {"executed_lines": [], "summary": {"covered_lines": 0, "num_statements": 21, "percent_covered": 0.0, "percent_covered_display": "0", "missing_lines": 21, "excluded_lines": 0}, "missing_lines": [80, 81, 87, 90, 91, 94, 95, 96, 97, 102, 103, 106, 107, 108, 110, 122, 123, 124, 125, 138, 150], "excluded_lines": []}, "compare_versions": {"executed_lines": [], "summary": {"covered_lines": 0, "num_statements": 8, "percent_covered": 0.0, "percent_covered_display": "0", "missing_lines": 8, "excluded_lines": 0}, "missing_lines": [165, 167, 168, 169, 170, 172, 195, 196], "excluded_lines": []}, "": {"executed_lines": [1, 5, 7, 8, 10, 11, 12, 13, 18, 19, 21, 24, 25, 65, 66, 153, 154], "summary": {"covered_lines": 16, "num_statements": 16, "percent_covered": 100.0, "percent_covered_display": "100", "missing_lines": 0, "excluded_lines": 0}, "missing_lines": [], "excluded_lines": []}}, "classes": {"": {"executed_lines": [1, 5, 7, 8, 10, 11, 12, 13, 18, 19, 21, 24, 25, 65, 66, 153, 154], "summary": {"covered_lines": 16, "num_statements": 51, "percent_covered": 31.372549019607842, "percent_covered_display": "31", "missing_lines": 35, "excluded_lines": 0}, "missing_lines": [41, 42, 43, 49, 50, 54, 80, 81, 87, 90, 91, 94, 95, 96, 97, 102, 103, 106, 107, 108, 110, 122, 123, 124, 125, 138, 150, 165, 167, 168, 169, 170, 172, 195, 196], "excluded_lines": []}}}, "app/api/v1/endpoints/ws.py": {"executed_lines": [1, 3, 4, 5, 7, 8, 9, 10, 12, 13, 14, 15, 17, 19, 22, 47, 79, 80, 144, 145], "summary": {"covered_lines": 19, "num_statements": 79, "percent_covered": 24.050632911392405, "percent_covered_display": "24", "missing_lines": 60, "excluded_lines": 0}, "missing_lines": [26, 27, 30, 31, 32, 35, 36, 37, 39, 40, 42, 43, 44, 50, 51, 52, 54, 57, 58, 61, 62, 66, 69, 70, 74, 76, 87, 88, 89, 90, 93, 95, 96, 98, 100, 101, 102, 104, 105, 106, 107, 109, 113, 114, 115, 116, 118, 119, 122, 129, 130, 131, 132, 133, 137, 138, 139, 140, 141, 149], "excluded_lines": [], "functions": {"get_websocket_user": {"executed_lines": [], "summary": {"covered_lines": 0, "num_statements": 13, "percent_covered": 0.0, "percent_covered_display": "0", "missing_lines": 13, "excluded_lines": 0}, "missing_lines": [26, 27, 30, 31, 32, 35, 36, 37, 39, 40, 42, 43, 44], "excluded_lines": []}, "can_access_channel": {"executed_lines": [], "summary": {"covered_lines": 0, "num_statements": 13, "percent_covered": 0.0, "percent_covered_display": "0", "missing_lines": 13, "excluded_lines": 0}, "missing_lines": [50, 51, 52, 54, 57, 58, 61, 62, 66, 69, 70, 74, 76], "excluded_lines": []}, "websocket_dashboard_endpoint": {"executed_lines": [], "summary": {"covered_lines": 0, "num_statements": 33, "percent_covered": 0.0, "percent_covered_display": "0", "missing_lines": 33, "excluded_lines": 0}, "missing_lines": [87, 88, 89, 90, 93, 95, 96, 98, 100, 101, 102, 104, 105, 106, 107, 109, 113, 114, 115, 116, 118, 119, 122, 129, 130, 131, 132, 133, 137, 138, 139, 140, 141], "excluded_lines": []}, "get_websocket_status": {"executed_lines": [], "summary": {"covered_lines": 0, "num_statements": 1, "percent_covered": 0.0, "percent_covered_display": "0", "missing_lines": 1, "excluded_lines": 0}, "missing_lines": [149], "excluded_lines": []}, "": {"executed_lines": [1, 3, 4, 5, 7, 8, 9, 10, 12, 13, 14, 15, 17, 19, 22, 47, 79, 80, 144, 145], "summary": {"covered_lines": 19, "num_statements": 19, "percent_covered": 100.0, "percent_covered_display": "100", "missing_lines": 0, "excluded_lines": 0}, "missing_lines": [], "excluded_lines": []}}, "classes": {"": {"executed_lines": [1, 3, 4, 5, 7, 8, 9, 10, 12, 13, 14, 15, 17, 19, 22, 47, 79, 80, 144, 145], "summary": {"covered_lines": 19, "num_statements": 79, "percent_covered": 24.050632911392405, "percent_covered_display": "24", "missing_lines": 60, "excluded_lines": 0}, "missing_lines": [26, 27, 30, 31, 32, 35, 36, 37, 39, 40, 42, 43, 44, 50, 51, 52, 54, 57, 58, 61, 62, 66, 69, 70, 74, 76, 87, 88, 89, 90, 93, 95, 96, 98, 100, 101, 102, 104, 105, 106, 107, 109, 113, 114, 115, 116, 118, 119, 122, 129, 130, 131, 132, 133, 137, 138, 139, 140, 141, 149], "excluded_lines": []}}}, "app/core/celery_app.py": {"executed_lines": [1, 3, 5, 8, 11, 33], "summary": {"covered_lines": 5, "num_statements": 5, "percent_covered": 100.0, "percent_covered_display": "100", "missing_lines": 0, "excluded_lines": 0}, "missing_lines": [], "excluded_lines": [], "functions": {"": {"executed_lines": [1, 3, 5, 8, 11, 33], "summary": {"covered_lines": 5, "num_statements": 5, "percent_covered": 100.0, "percent_covered_display": "100", "missing_lines": 0, "excluded_lines": 0}, "missing_lines": [], "excluded_lines": []}}, "classes": {"": {"executed_lines": [1, 3, 5, 8, 11, 33], "summary": {"covered_lines": 5, "num_statements": 5, "percent_covered": 100.0, "percent_covered_display": "100", "missing_lines": 0, "excluded_lines": 0}, "missing_lines": [], "excluded_lines": []}}}, "app/core/config.py": {"executed_lines": [1, 3, 4, 7, 8, 9, 10, 11, 12, 13, 16, 18, 19, 20, 25, 28, 31, 32, 33, 34, 35, 36, 39, 40, 41, 42, 45, 46, 47, 48, 51, 52, 53, 56, 58, 60, 61, 62, 64, 72, 74, 77], "summary": {"covered_lines": 42, "num_statements": 47, "percent_covered": 89.36170212765957, "percent_covered_display": "89", "missing_lines": 5, "excluded_lines": 0}, "missing_lines": [21, 22, 23, 24, 63], "excluded_lines": [], "functions": {"Settings.assemble_cors_origins": {"executed_lines": [20, 25], "summary": {"covered_lines": 2, "num_statements": 6, "percent_covered": 33.333333333333336, "percent_covered_display": "33", "missing_lines": 4, "excluded_lines": 0}, "missing_lines": [21, 22, 23, 24], "excluded_lines": []}, "Settings.assemble_db_connection": {"executed_lines": [62, 64, 72], "summary": {"covered_lines": 3, "num_statements": 4, "percent_covered": 75.0, "percent_covered_display": "75", "missing_lines": 1, "excluded_lines": 0}, "missing_lines": [63], "excluded_lines": []}, "": {"executed_lines": [1, 3, 4, 7, 8, 9, 10, 11, 12, 13, 16, 18, 19, 28, 31, 32, 33, 34, 35, 36, 39, 40, 41, 42, 45, 46, 47, 48, 51, 52, 53, 56, 58, 60, 61, 74, 77], "summary": {"covered_lines": 37, "num_statements": 37, "percent_covered": 100.0, "percent_covered_display": "100", "missing_lines": 0, "excluded_lines": 0}, "missing_lines": [], "excluded_lines": []}}, "classes": {"Settings": {"executed_lines": [20, 25, 62, 64, 72], "summary": {"covered_lines": 5, "num_statements": 10, "percent_covered": 50.0, "percent_covered_display": "50", "missing_lines": 5, "excluded_lines": 0}, "missing_lines": [21, 22, 23, 24, 63], "excluded_lines": []}, "": {"executed_lines": [1, 3, 4, 7, 8, 9, 10, 11, 12, 13, 16, 18, 19, 28, 31, 32, 33, 34, 35, 36, 39, 40, 41, 42, 45, 46, 47, 48, 51, 52, 53, 56, 58, 60, 61, 74, 77], "summary": {"covered_lines": 37, "num_statements": 37, "percent_covered": 100.0, "percent_covered_display": "100", "missing_lines": 0, "excluded_lines": 0}, "missing_lines": [], "excluded_lines": []}}}, "app/core/permissions.py": {"executed_lines": [1, 3, 4, 6, 7, 9, 10, 11, 14, 15, 17, 21, 40, 63, 76, 88, 104, 122, 162, 202, 231, 271, 296, 299, 318], "summary": {"covered_lines": 23, "num_statements": 140, "percent_covered": 16.428571428571427, "percent_covered_display": "16", "missing_lines": 117, "excluded_lines": 0}, "missing_lines": [18, 19, 26, 27, 28, 31, 32, 33, 36, 37, 38, 49, 50, 51, 54, 55, 56, 59, 60, 61, 66, 74, 81, 82, 83, 84, 86, 95, 96, 99, 100, 102, 112, 113, 116, 117, 119, 125, 126, 127, 130, 131, 133, 134, 138, 139, 142, 145, 146, 150, 151, 155, 157, 159, 165, 166, 167, 170, 171, 173, 174, 178, 179, 182, 185, 186, 190, 191, 195, 197, 199, 205, 206, 207, 209, 211, 212, 214, 215, 219, 220, 224, 226, 228, 234, 235, 236, 238, 239, 241, 242, 244, 245, 249, 250, 253, 254, 257, 258, 259, 263, 265, 267, 274, 279, 281, 282, 286, 287, 291, 293, 304, 306, 307, 311, 312, 316], "excluded_lines": [], "functions": {"PermissionChecker.__init__": {"executed_lines": [], "summary": {"covered_lines": 0, "num_statements": 2, "percent_covered": 0.0, "percent_covered_display": "0", "missing_lines": 2, "excluded_lines": 0}, "missing_lines": [18, 19], "excluded_lines": []}, "PermissionChecker.user_has_permission": {"executed_lines": [], "summary": {"covered_lines": 0, "num_statements": 9, "percent_covered": 0.0, "percent_covered_display": "0", "missing_lines": 9, "excluded_lines": 0}, "missing_lines": [26, 27, 28, 31, 32, 33, 36, 37, 38], "excluded_lines": []}, "PermissionChecker.user_has_resource_action": {"executed_lines": [], "summary": {"covered_lines": 0, "num_statements": 9, "percent_covered": 0.0, "percent_covered_display": "0", "missing_lines": 9, "excluded_lines": 0}, "missing_lines": [49, 50, 51, 54, 55, 56, 59, 60, 61], "excluded_lines": []}, "PermissionChecker.site_has_permission": {"executed_lines": [], "summary": {"covered_lines": 0, "num_statements": 2, "percent_covered": 0.0, "percent_covered_display": "0", "missing_lines": 2, "excluded_lines": 0}, "missing_lines": [66, 74], "excluded_lines": []}, "PermissionChecker.site_has_resource_action": {"executed_lines": [], "summary": {"covered_lines": 0, "num_statements": 5, "percent_covered": 0.0, "percent_covered_display": "0", "missing_lines": 5, "excluded_lines": 0}, "missing_lines": [81, 82, 83, 84, 86], "excluded_lines": []}, "PermissionChecker.check_permission": {"executed_lines": [], "summary": {"covered_lines": 0, "num_statements": 5, "percent_covered": 0.0, "percent_covered_display": "0", "missing_lines": 5, "excluded_lines": 0}, "missing_lines": [95, 96, 99, 100, 102], "excluded_lines": []}, "PermissionChecker.check_resource_action": {"executed_lines": [], "summary": {"covered_lines": 0, "num_statements": 5, "percent_covered": 0.0, "percent_covered_display": "0", "missing_lines": 5, "excluded_lines": 0}, "missing_lines": [112, 113, 116, 117, 119], "excluded_lines": []}, "require_permission": {"executed_lines": [], "summary": {"covered_lines": 0, "num_statements": 3, "percent_covered": 0.0, "percent_covered_display": "0", "missing_lines": 3, "excluded_lines": 0}, "missing_lines": [125, 126, 159], "excluded_lines": []}, "require_permission.decorator": {"executed_lines": [], "summary": {"covered_lines": 0, "num_statements": 2, "percent_covered": 0.0, "percent_covered_display": "0", "missing_lines": 2, "excluded_lines": 0}, "missing_lines": [127, 157], "excluded_lines": []}, "require_permission.decorator.wrapper": {"executed_lines": [], "summary": {"covered_lines": 0, "num_statements": 12, "percent_covered": 0.0, "percent_covered_display": "0", "missing_lines": 12, "excluded_lines": 0}, "missing_lines": [130, 131, 133, 134, 138, 139, 142, 145, 146, 150, 151, 155], "excluded_lines": []}, "require_resource_action": {"executed_lines": [], "summary": {"covered_lines": 0, "num_statements": 3, "percent_covered": 0.0, "percent_covered_display": "0", "missing_lines": 3, "excluded_lines": 0}, "missing_lines": [165, 166, 199], "excluded_lines": []}, "require_resource_action.decorator": {"executed_lines": [], "summary": {"covered_lines": 0, "num_statements": 2, "percent_covered": 0.0, "percent_covered_display": "0", "missing_lines": 2, "excluded_lines": 0}, "missing_lines": [167, 197], "excluded_lines": []}, "require_resource_action.decorator.wrapper": {"executed_lines": [], "summary": {"covered_lines": 0, "num_statements": 12, "percent_covered": 0.0, "percent_covered_display": "0", "missing_lines": 12, "excluded_lines": 0}, "missing_lines": [170, 171, 173, 174, 178, 179, 182, 185, 186, 190, 191, 195], "excluded_lines": []}, "require_superuser": {"executed_lines": [], "summary": {"covered_lines": 0, "num_statements": 3, "percent_covered": 0.0, "percent_covered_display": "0", "missing_lines": 3, "excluded_lines": 0}, "missing_lines": [205, 206, 228], "excluded_lines": []}, "require_superuser.decorator": {"executed_lines": [], "summary": {"covered_lines": 0, "num_statements": 2, "percent_covered": 0.0, "percent_covered_display": "0", "missing_lines": 2, "excluded_lines": 0}, "missing_lines": [207, 226], "excluded_lines": []}, "require_superuser.decorator.wrapper": {"executed_lines": [], "summary": {"covered_lines": 0, "num_statements": 8, "percent_covered": 0.0, "percent_covered_display": "0", "missing_lines": 8, "excluded_lines": 0}, "missing_lines": [209, 211, 212, 214, 215, 219, 220, 224], "excluded_lines": []}, "require_organization_access": {"executed_lines": [], "summary": {"covered_lines": 0, "num_statements": 3, "percent_covered": 0.0, "percent_covered_display": "0", "missing_lines": 3, "excluded_lines": 0}, "missing_lines": [234, 235, 267], "excluded_lines": []}, "require_organization_access.decorator": {"executed_lines": [], "summary": {"covered_lines": 0, "num_statements": 2, "percent_covered": 0.0, "percent_covered_display": "0", "missing_lines": 2, "excluded_lines": 0}, "missing_lines": [236, 265], "excluded_lines": []}, "require_organization_access.decorator.wrapper": {"executed_lines": [], "summary": {"covered_lines": 0, "num_statements": 14, "percent_covered": 0.0, "percent_covered_display": "0", "missing_lines": 14, "excluded_lines": 0}, "missing_lines": [238, 239, 241, 242, 244, 245, 249, 250, 253, 254, 257, 258, 259, 263], "excluded_lines": []}, "require_permission_dependency": {"executed_lines": [], "summary": {"covered_lines": 0, "num_statements": 2, "percent_covered": 0.0, "percent_covered_display": "0", "missing_lines": 2, "excluded_lines": 0}, "missing_lines": [274, 293], "excluded_lines": []}, "require_permission_dependency.check_permission_dependency": {"executed_lines": [], "summary": {"covered_lines": 0, "num_statements": 6, "percent_covered": 0.0, "percent_covered_display": "0", "missing_lines": 6, "excluded_lines": 0}, "missing_lines": [279, 281, 282, 286, 287, 291], "excluded_lines": []}, "require_resource_action_dependency": {"executed_lines": [299, 318], "summary": {"covered_lines": 2, "num_statements": 2, "percent_covered": 100.0, "percent_covered_display": "100", "missing_lines": 0, "excluded_lines": 0}, "missing_lines": [], "excluded_lines": []}, "require_resource_action_dependency.check_resource_action_dependency": {"executed_lines": [], "summary": {"covered_lines": 0, "num_statements": 6, "percent_covered": 0.0, "percent_covered_display": "0", "missing_lines": 6, "excluded_lines": 0}, "missing_lines": [304, 306, 307, 311, 312, 316], "excluded_lines": []}, "": {"executed_lines": [1, 3, 4, 6, 7, 9, 10, 11, 14, 15, 17, 21, 40, 63, 76, 88, 104, 122, 162, 202, 231, 271, 296], "summary": {"covered_lines": 21, "num_statements": 21, "percent_covered": 100.0, "percent_covered_display": "100", "missing_lines": 0, "excluded_lines": 0}, "missing_lines": [], "excluded_lines": []}}, "classes": {"PermissionChecker": {"executed_lines": [], "summary": {"covered_lines": 0, "num_statements": 37, "percent_covered": 0.0, "percent_covered_display": "0", "missing_lines": 37, "excluded_lines": 0}, "missing_lines": [18, 19, 26, 27, 28, 31, 32, 33, 36, 37, 38, 49, 50, 51, 54, 55, 56, 59, 60, 61, 66, 74, 81, 82, 83, 84, 86, 95, 96, 99, 100, 102, 112, 113, 116, 117, 119], "excluded_lines": []}, "": {"executed_lines": [1, 3, 4, 6, 7, 9, 10, 11, 14, 15, 17, 21, 40, 63, 76, 88, 104, 122, 162, 202, 231, 271, 296, 299, 318], "summary": {"covered_lines": 23, "num_statements": 103, "percent_covered": 22.33009708737864, "percent_covered_display": "22", "missing_lines": 80, "excluded_lines": 0}, "missing_lines": [125, 126, 127, 130, 131, 133, 134, 138, 139, 142, 145, 146, 150, 151, 155, 157, 159, 165, 166, 167, 170, 171, 173, 174, 178, 179, 182, 185, 186, 190, 191, 195, 197, 199, 205, 206, 207, 209, 211, 212, 214, 215, 219, 220, 224, 226, 228, 234, 235, 236, 238, 239, 241, 242, 244, 245, 249, 250, 253, 254, 257, 258, 259, 263, 265, 267, 274, 279, 281, 282, 286, 287, 291, 293, 304, 306, 307, 311, 312, 316], "excluded_lines": []}}}, "app/core/redis.py": {"executed_lines": [1, 3, 4, 6, 8, 10, 13, 14, 17, 18, 19, 20, 23, 26, 54, 64, 69], "summary": {"covered_lines": 16, "num_statements": 31, "percent_covered": 51.61290322580645, "percent_covered_display": "52", "missing_lines": 15, "excluded_lines": 0}, "missing_lines": [30, 31, 32, 44, 45, 47, 48, 49, 51, 58, 59, 60, 61, 66, 71], "excluded_lines": [], "functions": {"get_redis_client": {"executed_lines": [], "summary": {"covered_lines": 0, "num_statements": 9, "percent_covered": 0.0, "percent_covered_display": "0", "missing_lines": 9, "excluded_lines": 0}, "missing_lines": [30, 31, 32, 44, 45, 47, 48, 49, 51], "excluded_lines": []}, "close_redis_client": {"executed_lines": [], "summary": {"covered_lines": 0, "num_statements": 4, "percent_covered": 0.0, "percent_covered_display": "0", "missing_lines": 4, "excluded_lines": 0}, "missing_lines": [58, 59, 60, 61], "excluded_lines": []}, "get_redis": {"executed_lines": [], "summary": {"covered_lines": 0, "num_statements": 1, "percent_covered": 0.0, "percent_covered_display": "0", "missing_lines": 1, "excluded_lines": 0}, "missing_lines": [66], "excluded_lines": []}, "close_redis_pool": {"executed_lines": [], "summary": {"covered_lines": 0, "num_statements": 1, "percent_covered": 0.0, "percent_covered_display": "0", "missing_lines": 1, "excluded_lines": 0}, "missing_lines": [71], "excluded_lines": []}, "": {"executed_lines": [1, 3, 4, 6, 8, 10, 13, 14, 17, 18, 19, 20, 23, 26, 54, 64, 69], "summary": {"covered_lines": 16, "num_statements": 16, "percent_covered": 100.0, "percent_covered_display": "100", "missing_lines": 0, "excluded_lines": 0}, "missing_lines": [], "excluded_lines": []}}, "classes": {"": {"executed_lines": [1, 3, 4, 6, 8, 10, 13, 14, 17, 18, 19, 20, 23, 26, 54, 64, 69], "summary": {"covered_lines": 16, "num_statements": 31, "percent_covered": 51.61290322580645, "percent_covered_display": "52", "missing_lines": 15, "excluded_lines": 0}, "missing_lines": [30, 31, 32, 44, 45, 47, 48, 49, 51, 58, 59, 60, 61, 66, 71], "excluded_lines": []}}}, "app/core/security.py": {"executed_lines": [3, 4, 5, 7, 8, 10, 13, 16, 19, 21, 22, 25, 28, 29, 32, 35, 37, 38, 44, 46, 49], "summary": {"covered_lines": 21, "num_statements": 31, "percent_covered": 67.74193548387096, "percent_covered_display": "68", "missing_lines": 10, "excluded_lines": 0}, "missing_lines": [23, 39, 40, 41, 51, 52, 55, 56, 57, 58], "excluded_lines": [], "functions": {"create_access_token": {"executed_lines": [21, 22, 25, 28, 29, 32], "summary": {"covered_lines": 6, "num_statements": 7, "percent_covered": 85.71428571428571, "percent_covered_display": "86", "missing_lines": 1, "excluded_lines": 0}, "missing_lines": [23], "excluded_lines": []}, "verify_password": {"executed_lines": [37, 38], "summary": {"covered_lines": 2, "num_statements": 5, "percent_covered": 40.0, "percent_covered_display": "40", "missing_lines": 3, "excluded_lines": 0}, "missing_lines": [39, 40, 41], "excluded_lines": []}, "get_password_hash": {"executed_lines": [46], "summary": {"covered_lines": 1, "num_statements": 1, "percent_covered": 100.0, "percent_covered_display": "100", "missing_lines": 0, "excluded_lines": 0}, "missing_lines": [], "excluded_lines": []}, "decode_token": {"executed_lines": [], "summary": {"covered_lines": 0, "num_statements": 6, "percent_covered": 0.0, "percent_covered_display": "0", "missing_lines": 6, "excluded_lines": 0}, "missing_lines": [51, 52, 55, 56, 57, 58], "excluded_lines": []}, "": {"executed_lines": [3, 4, 5, 7, 8, 10, 13, 16, 19, 35, 44, 49], "summary": {"covered_lines": 12, "num_statements": 12, "percent_covered": 100.0, "percent_covered_display": "100", "missing_lines": 0, "excluded_lines": 0}, "missing_lines": [], "excluded_lines": []}}, "classes": {"": {"executed_lines": [3, 4, 5, 7, 8, 10, 13, 16, 19, 21, 22, 25, 28, 29, 32, 35, 37, 38, 44, 46, 49], "summary": {"covered_lines": 21, "num_statements": 31, "percent_covered": 67.74193548387096, "percent_covered_display": "68", "missing_lines": 10, "excluded_lines": 0}, "missing_lines": [23, 39, 40, 41, 51, 52, 55, 56, 57, 58], "excluded_lines": []}}}, "app/core/websocket.py": {"executed_lines": [1, 3, 4, 5, 7, 9, 12, 13, 15, 17, 19, 21, 23, 42, 62, 84, 107, 132, 155, 167, 171, 177], "summary": {"covered_lines": 20, "num_statements": 88, "percent_covered": 22.727272727272727, "percent_covered_display": "23", "missing_lines": 68, "excluded_lines": 0}, "missing_lines": [25, 28, 29, 30, 33, 35, 38, 45, 46, 47, 48, 51, 52, 53, 54, 55, 56, 57, 58, 60, 65, 66, 69, 70, 71, 73, 76, 87, 88, 91, 92, 93, 94, 96, 99, 109, 110, 113, 120, 121, 122, 123, 124, 125, 126, 129, 130, 134, 135, 137, 143, 144, 145, 146, 147, 148, 149, 152, 153, 158, 159, 160, 161, 162, 164, 165, 169, 173], "excluded_lines": [], "functions": {"ConnectionManager.__init__": {"executed_lines": [17, 19, 21], "summary": {"covered_lines": 3, "num_statements": 3, "percent_covered": 100.0, "percent_covered_display": "100", "missing_lines": 0, "excluded_lines": 0}, "missing_lines": [], "excluded_lines": []}, "ConnectionManager.connect": {"executed_lines": [], "summary": {"covered_lines": 0, "num_statements": 7, "percent_covered": 0.0, "percent_covered_display": "0", "missing_lines": 7, "excluded_lines": 0}, "missing_lines": [25, 28, 29, 30, 33, 35, 38], "excluded_lines": []}, "ConnectionManager.disconnect": {"executed_lines": [], "summary": {"covered_lines": 0, "num_statements": 13, "percent_covered": 0.0, "percent_covered_display": "0", "missing_lines": 13, "excluded_lines": 0}, "missing_lines": [45, 46, 47, 48, 51, 52, 53, 54, 55, 56, 57, 58, 60], "excluded_lines": []}, "ConnectionManager.subscribe": {"executed_lines": [], "summary": {"covered_lines": 0, "num_statements": 7, "percent_covered": 0.0, "percent_covered_display": "0", "missing_lines": 7, "excluded_lines": 0}, "missing_lines": [65, 66, 69, 70, 71, 73, 76], "excluded_lines": []}, "ConnectionManager.unsubscribe": {"executed_lines": [], "summary": {"covered_lines": 0, "num_statements": 8, "percent_covered": 0.0, "percent_covered_display": "0", "missing_lines": 8, "excluded_lines": 0}, "missing_lines": [87, 88, 91, 92, 93, 94, 96, 99], "excluded_lines": []}, "ConnectionManager.broadcast_to_channel": {"executed_lines": [], "summary": {"covered_lines": 0, "num_statements": 12, "percent_covered": 0.0, "percent_covered_display": "0", "missing_lines": 12, "excluded_lines": 0}, "missing_lines": [109, 110, 113, 120, 121, 122, 123, 124, 125, 126, 129, 130], "excluded_lines": []}, "ConnectionManager.send_to_user": {"executed_lines": [], "summary": {"covered_lines": 0, "num_statements": 12, "percent_covered": 0.0, "percent_covered_display": "0", "missing_lines": 12, "excluded_lines": 0}, "missing_lines": [134, 135, 137, 143, 144, 145, 146, 147, 148, 149, 152, 153], "excluded_lines": []}, "ConnectionManager._cleanup_disconnected_websocket": {"executed_lines": [], "summary": {"covered_lines": 0, "num_statements": 7, "percent_covered": 0.0, "percent_covered_display": "0", "missing_lines": 7, "excluded_lines": 0}, "missing_lines": [158, 159, 160, 161, 162, 164, 165], "excluded_lines": []}, "ConnectionManager.get_connection_count": {"executed_lines": [], "summary": {"covered_lines": 0, "num_statements": 1, "percent_covered": 0.0, "percent_covered_display": "0", "missing_lines": 1, "excluded_lines": 0}, "missing_lines": [169], "excluded_lines": []}, "ConnectionManager.get_channel_subscriber_count": {"executed_lines": [], "summary": {"covered_lines": 0, "num_statements": 1, "percent_covered": 0.0, "percent_covered_display": "0", "missing_lines": 1, "excluded_lines": 0}, "missing_lines": [173], "excluded_lines": []}, "": {"executed_lines": [1, 3, 4, 5, 7, 9, 12, 13, 15, 23, 42, 62, 84, 107, 132, 155, 167, 171, 177], "summary": {"covered_lines": 17, "num_statements": 17, "percent_covered": 100.0, "percent_covered_display": "100", "missing_lines": 0, "excluded_lines": 0}, "missing_lines": [], "excluded_lines": []}}, "classes": {"ConnectionManager": {"executed_lines": [17, 19, 21], "summary": {"covered_lines": 3, "num_statements": 71, "percent_covered": 4.225352112676056, "percent_covered_display": "4", "missing_lines": 68, "excluded_lines": 0}, "missing_lines": [25, 28, 29, 30, 33, 35, 38, 45, 46, 47, 48, 51, 52, 53, 54, 55, 56, 57, 58, 60, 65, 66, 69, 70, 71, 73, 76, 87, 88, 91, 92, 93, 94, 96, 99, 109, 110, 113, 120, 121, 122, 123, 124, 125, 126, 129, 130, 134, 135, 137, 143, 144, 145, 146, 147, 148, 149, 152, 153, 158, 159, 160, 161, 162, 164, 165, 169, 173], "excluded_lines": []}, "": {"executed_lines": [1, 3, 4, 5, 7, 9, 12, 13, 15, 23, 42, 62, 84, 107, 132, 155, 167, 171, 177], "summary": {"covered_lines": 17, "num_statements": 17, "percent_covered": 100.0, "percent_covered_display": "100", "missing_lines": 0, "excluded_lines": 0}, "missing_lines": [], "excluded_lines": []}}}, "app/crud/__init__.py": {"executed_lines": [1, 8, 17, 25], "summary": {"covered_lines": 4, "num_statements": 4, "percent_covered": 100.0, "percent_covered_display": "100", "missing_lines": 0, "excluded_lines": 0}, "missing_lines": [], "excluded_lines": [], "functions": {"": {"executed_lines": [1, 8, 17, 25], "summary": {"covered_lines": 4, "num_statements": 4, "percent_covered": 100.0, "percent_covered_display": "100", "missing_lines": 0, "excluded_lines": 0}, "missing_lines": [], "excluded_lines": []}}, "classes": {"": {"executed_lines": [1, 8, 17, 25], "summary": {"covered_lines": 4, "num_statements": 4, "percent_covered": 100.0, "percent_covered_display": "100", "missing_lines": 0, "excluded_lines": 0}, "missing_lines": [], "excluded_lines": []}}}, "app/crud/crud_module.py": {"executed_lines": [1, 3, 4, 5, 7, 8, 9, 12, 22, 30, 42, 118, 137, 155, 175, 190, 229, 250, 271], "summary": {"covered_lines": 19, "num_statements": 116, "percent_covered": 16.379310344827587, "percent_covered_display": "16", "missing_lines": 97, "excluded_lines": 0}, "missing_lines": [24, 27, 34, 39, 55, 56, 62, 63, 66, 67, 71, 72, 75, 76, 77, 80, 81, 83, 87, 88, 91, 95, 96, 99, 100, 101, 103, 106, 109, 110, 112, 113, 115, 125, 127, 128, 130, 131, 133, 134, 141, 149, 150, 151, 152, 159, 160, 161, 163, 164, 165, 166, 167, 169, 170, 171, 172, 179, 180, 181, 183, 184, 185, 186, 187, 194, 196, 197, 198, 199, 200, 201, 204, 207, 209, 211, 214, 215, 218, 219, 220, 222, 223, 224, 226, 233, 239, 246, 247, 254, 267, 268, 275, 276, 278, 282, 283], "excluded_lines": [], "functions": {"get_module": {"executed_lines": [], "summary": {"covered_lines": 0, "num_statements": 2, "percent_covered": 0.0, "percent_covered_display": "0", "missing_lines": 2, "excluded_lines": 0}, "missing_lines": [24, 27], "excluded_lines": []}, "get_module_by_machine_name": {"executed_lines": [], "summary": {"covered_lines": 0, "num_statements": 2, "percent_covered": 0.0, "percent_covered_display": "0", "missing_lines": 2, "excluded_lines": 0}, "missing_lines": [34, 39], "excluded_lines": []}, "get_modules": {"executed_lines": [], "summary": {"covered_lines": 0, "num_statements": 29, "percent_covered": 0.0, "percent_covered_display": "0", "missing_lines": 29, "excluded_lines": 0}, "missing_lines": [55, 56, 62, 63, 66, 67, 71, 72, 75, 76, 77, 80, 81, 83, 87, 88, 91, 95, 96, 99, 100, 101, 103, 106, 109, 110, 112, 113, 115], "excluded_lines": []}, "get_module_with_details": {"executed_lines": [], "summary": {"covered_lines": 0, "num_statements": 7, "percent_covered": 0.0, "percent_covered_display": "0", "missing_lines": 7, "excluded_lines": 0}, "missing_lines": [125, 127, 128, 
[...]
, 231, 234, 236, 241, 257, 266, 267, 269, 270, 272, 273, 275, 276, 283, 302, 303, 305, 306, 307, 308, 310, 311, 313, 314, 331, 339, 347, 349, 352, 353, 355, 362, 369, 376, 390, 397, 404, 411, 416, 434, 435, 437, 438, 439, 441, 442, 444, 445, 446, 447, 449, 452, 454, 463, 494, 495, 497, 498, 502, 514, 518, 521, 535, 537, 538, 551, 557, 564, 566, 573, 574, 576, 584, 605, 606, 608, 610, 611, 614, 615, 617, 618, 621, 626, 627, 628, 633, 637, 657, 665, 666, 667, 668, 669, 670, 671, 672, 674, 682, 683, 684, 687, 692, 693, 696, 697, 698, 699, 700, 702, 703, 708, 728, 729, 731, 732, 734, 735, 736, 739, 740, 743, 746, 748, 752, 781, 782, 784, 796, 798, 799, 801, 802, 805, 806, 808], "excluded_lines": []}, "": {"executed_lines": [1, 3, 4, 5, 6, 8, 9, 11, 12, 13, 14, 15, 16, 34, 37, 38, 40, 43, 75, 97, 122, 131, 180, 238, 278, 333, 341, 371, 385, 392, 399, 406, 413, 460, 509, 516, 553, 559, 578, 663, 676, 705, 750, 790], "summary": {"covered_lines": 42, "num_statements": 42, "percent_covered": 100.0, "percent_covered_display": "100", "missing_lines": 0, "excluded_lines": 0}, "missing_lines": [], "excluded_lines": []}}}, "app/services/update_detector.py": {"executed_lines": [1, 7, 8, 10, 11, 13, 14, 15, 16, 19, 20, 22, 39, 40, 42, 47, 113, 139, 224, 242, 266], "summary": {"covered_lines": 18, "num_statements": 89, "percent_covered": 20.224719101123597, "percent_covered_display": "20", "missing_lines": 71, "excluded_lines": 0}, "missing_lines": [31, 32, 33, 34, 35, 36, 43, 44, 45, 62, 67, 69, 70, 73, 74, 75, 76, 79, 86, 91, 98, 99, 100, 104, 127, 130, 132, 133, 135, 152, 155, 158, 163, 166, 167, 168, 169, 170, 173, 174, 176, 177, 178, 181, 182, 183, 184, 185, 188, 195, 200, 207, 208, 209, 213, 222, 235, 236, 237, 238, 240, 256, 263, 264, 276, 277, 278, 279, 281, 282, 283], "excluded_lines": [], "functions": {"UpdateInfo.__init__": {"executed_lines": [], "summary": {"covered_lines": 0, "num_statements": 6, "percent_covered": 0.0, "percent_covered_display": "0", "missing_lines": 6, "excluded_lines": 0}, "missing_lines": [31, 32, 33, 34, 35, 36], "excluded_lines": []}, "UpdateDetector.__init__": {"executed_lines": [], "summary": {"covered_lines": 0, "num_statements": 3, "percent_covered": 0.0, "percent_covered_display": "0", "missing_lines": 3, "excluded_lines": 0}, "missing_lines": [43, 44, 45], "excluded_lines": []}, "UpdateDetector.check_module_updates": {"executed_lines": [], "summary": {"covered_lines": 0, "num_statements": 15, "percent_covered": 0.0, "percent_covered_display": "0", "missing_lines": 15, "excluded_lines": 0}, "missing_lines": [62, 67, 69, 70, 73, 74, 75, 76, 79, 86, 91, 98, 99, 100, 104], "excluded_lines": []}, "UpdateDetector.check_site_module_updates": {"executed_lines": [], "summary": {"covered_lines": 0, "num_statements": 5, "percent_covered": 0.0, "percent_covered_display": "0", "missing_lines": 5, "excluded_lines": 0}, "missing_lines": [127, 130, 132, 133, 135], "excluded_lines": []}, "UpdateDetector.batch_check_updates": {"executed_lines": [], "summary": {"covered_lines": 0, "num_statements": 27, "percent_covered": 0.0, "percent_covered_display": "0", "missing_lines": 27, "excluded_lines": 0}, "missing_lines": [152, 155, 158, 163, 166, 167, 168, 169, 170, 173, 174, 176, 177, 178, 181, 182, 183, 184, 185, 188, 195, 200, 207, 208, 209, 213, 222], "excluded_lines": []}, "UpdateDetector.update_site_module_flags": {"executed_lines": [], "summary": {"covered_lines": 0, "num_statements": 5, "percent_covered": 0.0, "percent_covered_display": "0", "missing_lines": 5, "excluded_lines": 0}, "missing_lines": [235, 236, 237, 238, 240], "excluded_lines": []}, "UpdateDetector.get_modules_needing_check": {"executed_lines": [], "summary": {"covered_lines": 0, "num_statements": 3, "percent_covered": 0.0, "percent_covered_display": "0", "missing_lines": 3, "excluded_lines": 0}, "missing_lines": [256, 263, 264], "excluded_lines": []}, "UpdateDetector.get_version_branch": {"executed_lines": [], "summary": {"covered_lines": 0, "num_statements": 7, "percent_covered": 0.0, "percent_covered_display": "0", "missing_lines": 7, "excluded_lines": 0}, "missing_lines": [276, 277, 278, 279, 281, 282, 283], "excluded_lines": []}, "": {"executed_lines": [1, 7, 8, 10, 11, 13, 14, 15, 16, 19, 20, 22, 39, 40, 42, 47, 113, 139, 224, 242, 266], "summary": {"covered_lines": 18, "num_statements": 18, "percent_covered": 100.0, "percent_covered_display": "100", "missing_lines": 0, "excluded_lines": 0}, "missing_lines": [], "excluded_lines": []}}, "classes": {"UpdateInfo": {"executed_lines": [], "summary": {"covered_lines": 0, "num_statements": 6, "percent_covered": 0.0, "percent_covered_display": "0", "missing_lines": 6, "excluded_lines": 0}, "missing_lines": [31, 32, 33, 34, 35, 36], "excluded_lines": []}, "UpdateDetector": {"executed_lines": [], "summary": {"covered_lines": 0, "num_statements": 65, "percent_covered": 0.0, "percent_covered_display": "0", "missing_lines": 65, "excluded_lines": 0}, "missing_lines": [43, 44, 45, 62, 67, 69, 70, 73, 74, 75, 76, 79, 86, 91, 98, 99, 100, 104, 127, 130, 132, 133, 135, 152, 155, 158, 163, 166, 167, 168, 169, 170, 173, 174, 176, 177, 178, 181, 182, 183, 184, 185, 188, 195, 200, 207, 208, 209, 213, 222, 235, 236, 237, 238, 240, 256, 263, 264, 276, 277, 278, 279, 281, 282, 283], "excluded_lines": []}, "": {"executed_lines": [1, 7, 8, 10, 11, 13, 14, 15, 16, 19, 20, 22, 39, 40, 42, 47, 113, 139, 224, 242, 266], "summary": {"covered_lines": 18, "num_statements": 18, "percent_covered": 100.0, "percent_covered_display": "100", "missing_lines": 0, "excluded_lines": 0}, "missing_lines": [], "excluded_lines": []}}}, "app/services/version_comparator.py": {"executed_lines": [1, 7, 9, 12, 13, 15, 18, 63, 114, 134, 175, 217, 261], "summary": {"covered_lines": 11, "num_statements": 111, "percent_covered": 9.90990990990991, "percent_covered_display": "10", "missing_lines": 100, "excluded_lines": 0}, "missing_lines": [16, 34, 35, 38, 39, 42, 43, 44, 45, 47, 48, 50, 53, 54, 56, 57, 58, 59, 61, 76, 77, 79, 80, 81, 82, 83, 87, 88, 89, 91, 93, 94, 97, 98, 100, 101, 102, 103, 112, 127, 128, 129, 131, 132, 147, 148, 149, 150, 152, 153, 154, 155, 157, 162, 163, 164, 165, 166, 167, 169, 170, 172, 173, 185, 187, 188, 189, 192, 194, 197, 199, 200, 201, 203, 205, 208, 209, 210, 212, 213, 215, 234, 236, 237, 238, 241, 244, 245, 246, 247, 250, 251, 252, 254, 256, 257, 259, 274, 275, 277], "excluded_lines": [], "functions": {"VersionComparator.__init__": {"executed_lines": [], "summary": {"covered_lines": 0, "num_statements": 1, "percent_covered": 0.0, "percent_covered_display": "0", "missing_lines": 1, "excluded_lines": 0}, "missing_lines": [16], "excluded_lines": []}, "VersionComparator.compare": {"executed_lines": [], "summary": {"covered_lines": 0, "num_statements": 18, "percent_covered": 0.0, "percent_covered_display": "0", "missing_lines": 18, "excluded_lines": 0}, "missing_lines": [34, 35, 38, 39, 42, 43, 44, 45, 47, 48, 50, 53, 54, 56, 57, 58, 59, 61], "excluded_lines": []}, "VersionComparator.get_latest_version": {"executed_lines": [], "summary": {"covered_lines": 0, "num_statements": 15, "percent_covered": 0.0, "percent_covered_display": "0", "missing_lines": 15, "excluded_lines": 0}, "missing_lines": [76, 77, 79, 80, 81, 82, 83, 87, 88, 89, 91, 93, 94, 97, 112], "excluded_lines": []}, "VersionComparator.get_latest_version.version_sort_key": {"executed_lines": [], "summary": {"covered_lines": 0, "num_statements": 5, "percent_covered": 0.0, "percent_covered_display": "0", "missing_lines": 5, "excluded_lines": 0}, "missing_lines": [98, 100, 101, 102, 103], "excluded_lines": []}, "VersionComparator.is_update_available": {"executed_lines": [], "summary": {"covered_lines": 0, "num_statements": 5, "percent_covered": 0.0, "percent_covered_display": "0", "missing_lines": 5, "excluded_lines": 0}, "missing_lines": [127, 128, 129, 131, 132], "excluded_lines": []}, "VersionComparator.is_security_update_available": {"executed_lines": [], "summary": {"covered_lines": 0, "num_statements": 19, "percent_covered": 0.0, "percent_covered_display": "0", "missing_lines": 19, "excluded_lines": 0}, "missing_lines": [147, 148, 149, 150, 152, 153, 154, 155, 157, 162, 163, 164, 165, 166, 167, 169, 170, 172, 173], "excluded_lines": []}, "VersionComparator.group_versions_by_branch": {"executed_lines": [], "summary": {"covered_lines": 0, "num_statements": 16, "percent_covered": 0.0, "percent_covered_display": "0", "missing_lines": 16, "excluded_lines": 0}, "missing_lines": [185, 187, 188, 189, 192, 194, 197, 199, 200, 201, 203, 205, 208, 212, 213, 215], "excluded_lines": []}, "VersionComparator.group_versions_by_branch.version_sort_key": {"executed_lines": [], "summary": {"covered_lines": 0, "num_statements": 2, "percent_covered": 0.0, "percent_covered_display": "0", "missing_lines": 2, "excluded_lines": 0}, "missing_lines": [209, 210], "excluded_lines": []}, "VersionComparator.filter_compatible_versions": {"executed_lines": [], "summary": {"covered_lines": 0, "num_statements": 16, "percent_covered": 0.0, "percent_covered_display": "0", "missing_lines": 16, "excluded_lines": 0}, "missing_lines": [234, 236, 237, 238, 241, 244, 245, 246, 247, 250, 251, 252, 254, 256, 257, 259], "excluded_lines": []}, "VersionComparator.calculate_version_distance": {"executed_lines": [], "summary": {"covered_lines": 0, "num_statements": 3, "percent_covered": 0.0, "percent_covered_display": "0", "missing_lines": 3, "excluded_lines": 0}, "missing_lines": [274, 275, 277], "excluded_lines": []}, "": {"executed_lines": [1, 7, 9, 12, 13, 15, 18, 63, 114, 134, 175, 217, 261], "summary": {"covered_lines": 11, "num_statements": 11, "percent_covered": 100.0, "percent_covered_display": "100", "missing_lines": 0, "excluded_lines": 0}, "missing_lines": [], "excluded_lines": []}}, "classes": {"VersionComparator": {"executed_lines": [], "summary": {"covered_lines": 0, "num_statements": 100, "percent_covered": 0.0, "percent_covered_display": "0", "missing_lines": 100, "excluded_lines": 0}, "missing_lines": [16, 34, 35, 38, 39, 42, 43, 44, 45, 47, 48, 50, 53, 54, 56, 57, 58, 59, 61, 76, 77, 79, 80, 81, 82, 83, 87, 88, 89, 91, 93, 94, 97, 98, 100, 101, 102, 103, 112, 127, 128, 129, 131, 132, 147, 148, 149, 150, 152, 153, 154, 155, 157, 162, 163, 164, 165, 166, 167, 169, 170, 172, 173, 185, 187, 188, 189, 192, 194, 197, 199, 200, 201, 203, 205, 208, 209, 210, 212, 213, 215, 234, 236, 237, 238, 241, 244, 245, 246, 247, 250, 251, 252, 254, 256, 257, 259, 274, 275, 277], "excluded_lines": []}, "": {"executed_lines": [1, 7, 9, 12, 13, 15, 18, 63, 114, 134, 175, 217, 261], "summary": {"covered_lines": 11, "num_statements": 11, "percent_covered": 100.0, "percent_covered_display": "100", "missing_lines": 0, "excluded_lines": 0}, "missing_lines": [], "excluded_lines": []}}}, "app/services/version_parser.py": {"executed_lines": [1, 11, 12, 13, 14, 17, 18, 20, 21, 22, 23, 24, 25, 27, 28, 40, 46, 47, 48, 50, 51, 52, 53, 54, 55, 56, 57, 59, 73, 84, 85, 88, 113, 114, 211, 212, 232, 233, 241, 242], "summary": {"covered_lines": 36, "num_statements": 102, "percent_covered": 35.294117647058826, "percent_covered_display": "35", "missing_lines": 66, "excluded_lines": 0}, "missing_lines": [30, 38, 41, 42, 43, 61, 63, 64, 65, 66, 68, 69, 71, 75, 124, 125, 128, 131, 132, 133, 134, 146, 147, 148, 149, 159, 160, 161, 162, 173, 174, 175, 176, 185, 186, 187, 188, 197, 198, 199, 200, 209, 214, 215, 217, 219, 220, 221, 222, 223, 224, 225, 226, 227, 228, 230, 235, 236, 237, 238, 239, 244, 245, 246, 247, 248], "excluded_lines": [], "functions": {"ReleaseType.precedence": {"executed_lines": [], "summary": {"covered_lines": 0, "num_statements": 2, "percent_covered": 0.0, "percent_covered_display": "0", "missing_lines": 2, "excluded_lines": 0}, "missing_lines": [30, 38], "excluded_lines": []}, "ReleaseType.__lt__": {"executed_lines": [], "summary": {"covered_lines": 0, "num_statements": 3, "percent_covered": 0.0, "percent_covered_display": "0", "missing_lines": 3, "excluded_lines": 0}, "missing_lines": [41, 42, 43], "excluded_lines": []}, "ParsedVersion.to_semantic": {"executed_lines": [], "summary": {"covered_lines": 0, "num_statements": 8, "percent_covered": 0.0, "percent_covered_display": "0", "missing_lines": 8, "excluded_lines": 0}, "missing_lines": [61, 63, 64, 65, 66, 68, 69, 71], "excluded_lines": []}, "ParsedVersion.to_tuple": {"executed_lines": [], "summary": {"covered_lines": 0, "num_statements": 1, "percent_covered": 0.0, "percent_covered_display": "0", "missing_lines": 1, "excluded_lines": 0}, "missing_lines": [75], "excluded_lines": []}, "DrupalVersionParser.parse": {"executed_lines": [], "summary": {"covered_lines": 0, "num_statements": 28, "percent_covered": 0.0, "percent_covered_display": "0", "missing_lines": 28, "excluded_lines": 0}, "missing_lines": [124, 125, 128, 131, 132, 133, 134, 146, 147, 148, 149, 159, 160, 161, 162, 173, 174, 175, 176, 185, 186, 187, 188, 197, 198, 199, 200, 209], "excluded_lines": []}, "DrupalVersionParser._parse_release_type": {"executed_lines": [], "summary": {"covered_lines": 0, "num_statements": 14, "percent_covered": 0.0, "percent_covered_display": "0", "missing_lines": 14, "excluded_lines": 0}, "missing_lines": [214, 215, 217, 219, 220, 221, 222, 223, 224, 225, 226, 227, 228, 230], "excluded_lines": []}, "DrupalVersionParser.is_valid": {"executed_lines": [], "summary": {"covered_lines": 0, "num_statements": 5, "percent_covered": 0.0, "percent_covered_display": "0", "missing_lines": 5, "excluded_lines": 0}, "missing_lines": [235, 236, 237, 238, 239], "excluded_lines": []}, "DrupalVersionParser.normalize": {"executed_lines": [], "summary": {"covered_lines": 0, "num_statements": 5, "percent_covered": 0.0, "percent_covered_display": "0", "missing_lines": 5, "excluded_lines": 0}, "missing_lines": [244, 245, 246, 247, 248], "excluded_lines": []}, "": {"executed_lines": [1, 11, 12, 13, 14, 17, 18, 20, 21, 22, 23, 24, 25, 27, 28, 40, 46, 47, 48, 50, 51, 52, 53, 54, 55, 56, 57, 59, 73, 84, 85, 88, 113, 114, 211, 212, 232, 233, 241, 242], "summary": {"covered_lines": 36, "num_statements": 36, "percent_covered": 100.0, "percent_covered_display": "100", "missing_lines": 0, "excluded_lines": 0}, "missing_lines": [], "excluded_lines": []}}, "classes": {"ReleaseType": {"executed_lines": [], "summary": {"covered_lines": 0, "num_statements": 5, "percent_covered": 0.0, "percent_covered_display": "0", "missing_lines": 5, "excluded_lines": 0}, "missing_lines": [30, 38, 41, 42, 43], "excluded_lines": []}, "ParsedVersion": {"executed_lines": [], "summary": {"covered_lines": 0, "num_statements": 9, "percent_covered": 0.0, "percent_covered_display": "0", "missing_lines": 9, "excluded_lines": 0}, "missing_lines": [61, 63, 64, 65, 66, 68, 69, 71, 75], "excluded_lines": []}, "DrupalVersionParser": {"executed_lines": [], "summary": {"covered_lines": 0, "num_statements": 52, "percent_covered": 0.0, "percent_covered_display": "0", "missing_lines": 52, "excluded_lines": 0}, "missing_lines": [124, 125, 128, 131, 132, 133, 134, 146, 147, 148, 149, 159, 160, 161, 162, 173, 174, 175, 176, 185, 186, 187, 188, 197, 198, 199, 200, 209, 214, 215, 217, 219, 220, 221, 222, 223, 224, 225, 226, 227, 228, 230, 235, 236, 237, 238, 239, 244, 245, 246, 247, 248], "excluded_lines": []}, "": {"executed_lines": [1, 11, 12, 13, 14, 17, 18, 20, 21, 22, 23, 24, 25, 27, 28, 40, 46, 47, 48, 50, 51, 52, 53, 54, 55, 56, 57, 59, 73, 84, 85, 88, 113, 114, 211, 212, 232, 233, 241, 242], "summary": {"covered_lines": 36, "num_statements": 36, "percent_covered": 100.0, "percent_covered_display": "100", "missing_lines": 0, "excluded_lines": 0}, "missing_lines": [], "excluded_lines": []}}}, "app/tasks/__init__.py": {"executed_lines": [1], "summary": {"covered_lines": 0, "num_statements": 0, "percent_covered": 100.0, "percent_covered_display": "100", "missing_lines": 0, "excluded_lines": 0}, "missing_lines": [], "excluded_lines": [], "functions": {"": {"executed_lines": [1], "summary": {"covered_lines": 0, "num_statements": 0, "percent_covered": 100.0, "percent_covered_display": "100", "missing_lines": 0, "excluded_lines": 0}, "missing_lines": [], "excluded_lines": []}}, "classes": {"": {"executed_lines": [1], "summary": {"covered_lines": 0, "num_statements": 0, "percent_covered": 100.0, "percent_covered_display": "100", "missing_lines": 0, "excluded_lines": 0}, "missing_lines": [], "excluded_lines": []}}}, "app/tasks/sync_tasks.py": {"executed_lines": [1, 3, 4, 5, 7, 8, 9, 11, 12, 13, 14, 15, 18, 19, 22, 23, 52, 130, 232, 233, 247], "summary": {"covered_lines": 20, "num_statements": 107, "percent_covered": 18.69158878504673, "percent_covered_display": "19", "missing_lines": 87, "excluded_lines": 0}, "missing_lines": [37, 40, 41, 43, 44, 47, 49, 58, 60, 61, 62, 63, 66, 67, 68, 69, 70, 71, 74, 84, 85, 86, 87, 91, 92, 93, 94, 95, 98, 108, 109, 112, 113, 125, 127, 140, 143, 146, 148, 149, 150, 153, 154, 156, 162, 165, 168, 171, 174, 176, 181, 186, 191, 196, 198, 202, 205, 208, 210, 213, 219, 222, 224, 225, 229, 235, 237, 238, 240, 241, 242, 244, 249, 252, 253, 255, 256, 259, 260, 261, 262, 263, 264, 265, 266, 267, 269], "excluded_lines": [], "functions": {"sync_site_modules_task": {"executed_lines": [], "summary": {"covered_lines": 0, "num_statements": 7, "percent_covered": 0.0, "percent_covered_display": "0", "missing_lines": 7, "excluded_lines": 0}, "missing_lines": [37, 40, 41, 43, 44, 47, 49], "excluded_lines": []}, "_async_sync_site_modules": {"executed_lines": [], "summary": {"covered_lines": 0, "num_statements": 28, "percent_covered": 0.0, "percent_covered_display": "0", "missing_lines": 28, "excluded_lines": 0}, "missing_lines": [58, 60, 61, 62, 63, 66, 67, 68, 69, 70, 71, 74, 84, 85, 86, 87, 91, 92, 93, 94, 95, 98, 108, 109, 112, 113, 125, 127], "excluded_lines": []}, "_process_module_batch": {"executed_lines": [], "summary": {"covered_lines": 0, "num_statements": 30, "percent_covered": 0.0, "percent_covered_display": "0", "missing_lines": 30, "excluded_lines": 0}, "missing_lines": [140, 143, 146, 148, 149, 150, 153, 154, 156, 162, 165, 168, 171, 174, 176, 181, 186, 191, 196, 198, 202, 205, 208, 210, 213, 219, 222, 224, 225, 229], "excluded_lines": []}, "get_task_status": {"executed_lines": [], "summary": {"covered_lines": 0, "num_statements": 7, "percent_covered": 0.0, "percent_covered_display": "0", "missing_lines": 7, "excluded_lines": 0}, "missing_lines": [235, 237, 238, 240, 241, 242, 244], "excluded_lines": []}, "_get_task_status_async": {"executed_lines": [], "summary": {"covered_lines": 0, "num_statements": 15, "percent_covered": 0.0, "percent_covered_display": "0", "missing_lines": 15, "excluded_lines": 0}, "missing_lines": [249, 252, 253, 255, 256, 259, 260, 261, 262, 263, 264, 265, 266, 267, 269], "excluded_lines": []}, "": {"executed_lines": [1, 3, 4, 5, 7, 8, 9, 11, 12, 13, 14, 15, 18, 19, 22, 23, 52, 130, 232, 233, 247], "summary": {"covered_lines": 20, "num_statements": 20, "percent_covered": 100.0, "percent_covered_display": "100", "missing_lines": 0, "excluded_lines": 0}, "missing_lines": [], "excluded_lines": []}}, "classes": {"": {"executed_lines": [1, 3, 4, 5, 7, 8, 9, 11, 12, 13, 14, 15, 18, 19, 22, 23, 52, 130, 232, 233, 247], "summary": {"covered_lines": 20, "num_statements": 107, "percent_covered": 18.69158878504673, "percent_covered_display": "19", "missing_lines": 87, "excluded_lines": 0}, "missing_lines": [37, 40, 41, 43, 44, 47, 49, 58, 60, 61, 62, 63, 66, 67, 68, 69, 70, 71, 74, 84, 85, 86, 87, 91, 92, 93, 94, 95, 98, 108, 109, 112, 113, 125, 127, 140, 143, 146, 148, 149, 150, 153, 154, 156, 162, 165, 168, 171, 174, 176, 181, 186, 191, 196, 198, 202, 205, 208, 210, 213, 219, 222, 224, 225, 229, 235, 237, 238, 240, 241, 242, 244, 249, 252, 253, 255, 256, 259, 260, 261, 262, 263, 264, 265, 266, 267, 269], "excluded_lines": []}}}}, "totals": {"covered_lines": 1637, "num_statements": 3988, "percent_covered": 41.048144433299896, "percent_covered_display": "41", "missing_lines": 2351, "excluded_lines": 0}}